#
# There is insufficient memory for the Java Runtime Environment to continue.
# Native memory allocation (malloc) failed to allocate 32784 bytes for Chunk::new
# Possible reasons:
#   The system is out of physical RAM or swap space
#   The process is running with CompressedOops enabled, and the Java Heap may be blocking the growth of the native heap
# Possible solutions:
#   Reduce memory load on the system
#   Increase physical memory or swap space
#   Check if swap backing store is full
#   Decrease Java heap size (-Xmx/-Xms)
#   Decrease number of Java threads
#   Decrease Java thread stack sizes (-Xss)
#   Set larger code cache with -XX:ReservedCodeCacheSize=
#   JVM is running with Unscaled Compressed Oops mode in which the Java heap is
#     placed in the first 4GB address space. The Java Heap base address is the
#     maximum limit for the native heap growth. Please use -XX:HeapBaseMinAddress
#     to set the Java Heap base and to place the Java Heap above 4GB virtual address.
# This output file may be truncated or incomplete.
#
#  Out of Memory Error (./src/hotspot/share/memory/arena.cpp:197), pid=6332, tid=6272
#
# JRE version: OpenJDK Runtime Environment (11.0.11+9) (build 11.0.11+9-b60-7590822)
# Java VM: OpenJDK 64-Bit Server VM (11.0.11+9-b60-7590822, mixed mode, tiered, compressed oops, g1 gc, windows-amd64)
# No core dump will be written. Minidumps are not enabled by default on client versions of Windows
#

---------------  S U M M A R Y ------------

Command Line: --add-opens=java.base/java.util=ALL-UNNAMED --add-opens=java.base/java.lang=ALL-UNNAMED --add-opens=java.base/java.lang.invoke=ALL-UNNAMED --add-opens=java.base/java.util=ALL-UNNAMED --add-opens=java.prefs/java.util.prefs=ALL-UNNAMED --add-opens=java.prefs/java.util.prefs=ALL-UNNAMED --add-opens=java.base/java.nio.charset=ALL-UNNAMED --add-opens=java.base/java.net=ALL-UNNAMED --add-opens=java.base/java.util.concurrent.atomic=ALL-UNNAMED -Xmx2048m -Dfile.encoding=UTF-8 -Duser.country=US -Duser.language=en -Duser.variant org.gradle.launcher.daemon.bootstrap.GradleDaemon 7.2

Host: Intel(R) Core(TM) i5-5200U CPU @ 2.20GHz, 4 cores, 7G,  Windows 10 , 64 bit Build 16299 (10.0.16299.431)
Time: Mon Feb 28 22:22:44 2022 SE Asia Standard Time elapsed time: 270.632747 seconds (0d 0h 4m 30s)

---------------  T H R E A D  ---------------

Current thread (0x000001fd7fb94800):  JavaThread "C2 CompilerThread0" daemon [_thread_in_native, id=6272, stack(0x00000089ffa00000,0x00000089ffb00000)]


Current CompileTask:
C2: 270632 15980       4       org.gradle.api.internal.attributes.DefaultImmutableAttributesFactory::concat (126 bytes)

Stack: [0x00000089ffa00000,0x00000089ffb00000]
Native frames: (J=compiled Java code, j=interpreted, Vv=VM code, C=native code)
V  [jvm.dll+0x5f214a]
V  [jvm.dll+0x726fb5]
V  [jvm.dll+0x7285cd]
V  [jvm.dll+0x728c83]
V  [jvm.dll+0x243278]
V  [jvm.dll+0xbc53c]
V  [jvm.dll+0xbca3c]
V  [jvm.dll+0xbc638]
V  [jvm.dll+0x5d14e0]
V  [jvm.dll+0x511cea]
V  [jvm.dll+0x4fe505]
V  [jvm.dll+0x50128c]
V  [jvm.dll+0x500fbb]
V  [jvm.dll+0x500f36]
V  [jvm.dll+0x501007]
V  [jvm.dll+0x500f36]
V  [jvm.dll+0x508a58]
V  [jvm.dll+0x203d53]
V  [jvm.dll+0x1fdbac]
V  [jvm.dll+0x1fb35f]
V  [jvm.dll+0x183d6c]
V  [jvm.dll+0x209a57]
V  [jvm.dll+0x2082a1]
V  [jvm.dll+0x6ef58f]
V  [jvm.dll+0x6e80b5]
V  [jvm.dll+0x5f1036]
C  [ucrtbase.dll+0x1dab5]
C  [KERNEL32.DLL+0x11fe4]
C  [ntdll.dll+0x6cb81]


---------------  P R O C E S S  ---------------

Threads class SMR info:
_java_thread_list=0x000001fd169ae960, length=88, elements={
0x000001fd7470c000, 0x000001fd7fb31800, 0x000001fd7fb3c000, 0x000001fd7fb8c800,
0x000001fd7fb91000, 0x000001fd7fb93000, 0x000001fd7fb94800, 0x000001fd7fb97800,
0x000001fd7fba4000, 0x000001fd7fcfe800, 0x000001fd10f8e800, 0x000001fd10633800,
0x000001fd10d65000, 0x000001fd10bad800, 0x000001fd10baf800, 0x000001fd10bae800,
0x000001fd10bb1000, 0x000001fd10bad000, 0x000001fd10bb0000, 0x000001fd10bb3800,
0x000001fd10e0e800, 0x000001fd10e12800, 0x000001fd10e11800, 0x000001fd10e15800,
0x000001fd15e81800, 0x000001fd15e7d000, 0x000001fd15e7c800, 0x000001fd14e2f000,
0x000001fd14e24800, 0x000001fd14e21000, 0x000001fd14e27800, 0x000001fd14e27000,
0x000001fd14e28800, 0x000001fd14e22800, 0x000001fd14e29000, 0x000001fd14e2a000,
0x000001fd14e23800, 0x000001fd14e2b000, 0x000001fd14e2b800, 0x000001fd14e26000,
0x000001fd14e2c800, 0x000001fd14e2d800, 0x000001fd14e2e000, 0x000001fd14e30000,
0x000001fd15e7b800, 0x000001fd15e7e000, 0x000001fd15e7f000, 0x000001fd15e79000,
0x000001fd15e7a000, 0x000001fd15e7f800, 0x000001fd15e80800, 0x000001fd15e7b000,
0x000001fd15e83800, 0x000001fd15e84800, 0x000001fd15e86000, 0x000001fd15e83000,
0x000001fd15e85800, 0x000001fd15e87000, 0x000001fd10e0f000, 0x000001fd10e16800,
0x000001fd10e10800, 0x000001fd10e18000, 0x000001fd10e19000, 0x000001fd10e13000,
0x000001fd10e19800, 0x000001fd10e1b800, 0x000001fd10e1a800, 0x000001fd10e1c000,
0x000001fd10e1d000, 0x000001fd10bb2800, 0x000001fd10bb1800, 0x000001fd12b8a800,
0x000001fd12b89800, 0x000001fd12b87000, 0x000001fd12b8b800, 0x000001fd12b8c000,
0x000001fd12b86800, 0x000001fd12b88000, 0x000001fd12b8d000, 0x000001fd12b8d800,
0x000001fd12b89000, 0x000001fd12b92000, 0x000001fd12b94800, 0x000001fd12b91000,
0x000001fd12b92800, 0x000001fd12b93800, 0x000001fd12b8e800, 0x000001fd12b95000
}

Java Threads: ( => current thread )
  0x000001fd7470c000 JavaThread "main" [_thread_blocked, id=7568, stack(0x00000089fed00000,0x00000089fee00000)]
  0x000001fd7fb31800 JavaThread "Reference Handler" daemon [_thread_blocked, id=5960, stack(0x00000089ff400000,0x00000089ff500000)]
  0x000001fd7fb3c000 JavaThread "Finalizer" daemon [_thread_blocked, id=8116, stack(0x00000089ff500000,0x00000089ff600000)]
  0x000001fd7fb8c800 JavaThread "Signal Dispatcher" daemon [_thread_blocked, id=1136, stack(0x00000089ff700000,0x00000089ff800000)]
  0x000001fd7fb91000 JavaThread "Attach Listener" daemon [_thread_blocked, id=10812, stack(0x00000089ff800000,0x00000089ff900000)]
  0x000001fd7fb93000 JavaThread "Service Thread" daemon [_thread_blocked, id=6084, stack(0x00000089ff900000,0x00000089ffa00000)]
=>0x000001fd7fb94800 JavaThread "C2 CompilerThread0" daemon [_thread_in_native, id=6272, stack(0x00000089ffa00000,0x00000089ffb00000)]
  0x000001fd7fb97800 JavaThread "C1 CompilerThread0" daemon [_thread_blocked, id=9928, stack(0x00000089ffb00000,0x00000089ffc00000)]
  0x000001fd7fba4000 JavaThread "Sweeper thread" daemon [_thread_blocked, id=4332, stack(0x00000089ffc00000,0x00000089ffd00000)]
  0x000001fd7fcfe800 JavaThread "Common-Cleaner" daemon [_thread_blocked, id=2304, stack(0x00000089ffd00000,0x00000089ffe00000)]
  0x000001fd10f8e800 JavaThread "Daemon health stats" [_thread_blocked, id=6464, stack(0x0000008980100000,0x0000008980200000)]
  0x000001fd10633800 JavaThread "Incoming local TCP Connector on port 55692" [_thread_in_native, id=7784, stack(0x0000008980200000,0x0000008980300000)]
  0x000001fd10d65000 JavaThread "Daemon periodic checks" [_thread_blocked, id=7668, stack(0x0000008980300000,0x0000008980400000)]
  0x000001fd10bad800 JavaThread "Cache worker for journal cache (C:\Users\Admin\.gradle\caches\journal-1)" [_thread_blocked, id=9624, stack(0x0000008980b00000,0x0000008980c00000)]
  0x000001fd10baf800 JavaThread "File lock request listener" [_thread_in_native, id=9040, stack(0x0000008980c00000,0x0000008980d00000)]
  0x000001fd10bae800 JavaThread "Cache worker for file hash cache (C:\Users\Admin\.gradle\caches\7.2\fileHashes)" [_thread_blocked, id=9872, stack(0x0000008980e00000,0x0000008980f00000)]
  0x000001fd10bb1000 JavaThread "File watcher server" daemon [_thread_in_native, id=2740, stack(0x0000008981000000,0x0000008981100000)]
  0x000001fd10bad000 JavaThread "File watcher consumer" daemon [_thread_blocked, id=9388, stack(0x0000008981100000,0x0000008981200000)]
  0x000001fd10bb0000 JavaThread "jar transforms" [_thread_blocked, id=2456, stack(0x0000008981200000,0x0000008981300000)]
  0x000001fd10bb3800 JavaThread "jar transforms Thread 2" [_thread_blocked, id=1600, stack(0x0000008981300000,0x0000008981400000)]
  0x000001fd10e0e800 JavaThread "jar transforms Thread 3" [_thread_blocked, id=9272, stack(0x0000008981400000,0x0000008981500000)]
  0x000001fd10e12800 JavaThread "jar transforms Thread 4" [_thread_blocked, id=6436, stack(0x0000008981500000,0x0000008981600000)]
  0x000001fd10e11800 JavaThread "Cache worker for execution history cache (C:\Users\Admin\.gradle\caches\7.2\executionHistory)" [_thread_blocked, id=9700, stack(0x0000008981900000,0x0000008981a00000)]
  0x000001fd10e15800 JavaThread "Cache worker for file content cache (C:\Users\Admin\.gradle\caches\7.2\fileContent)" [_thread_blocked, id=1796, stack(0x0000008981a00000,0x0000008981b00000)]
  0x000001fd15e81800 JavaThread "Memory manager" [_thread_blocked, id=6028, stack(0x0000008984600000,0x0000008984700000)]
  0x000001fd15e7d000 JavaThread "Daemon Thread 2" [_thread_blocked, id=7288, stack(0x0000008984a00000,0x0000008984b00000)]
  0x000001fd15e7c800 JavaThread "Daemon worker Thread 2" [_thread_in_vm, id=8868, stack(0x0000008984d00000,0x0000008984e00000)]
  0x000001fd14e2f000 JavaThread "Cache worker for Java compile cache (C:\Users\Admin\.gradle\caches\7.2\javaCompile)" [_thread_blocked, id=8076, stack(0x0000008988400000,0x0000008988500000)]
  0x000001fd14e24800 JavaThread "Handler for socket connection from /127.0.0.1:55692 to /127.0.0.1:55706" [_thread_in_native, id=8300, stack(0x0000008988900000,0x0000008988a00000)]
  0x000001fd14e21000 JavaThread "Cancel handler" [_thread_blocked, id=7360, stack(0x0000008988a00000,0x0000008988b00000)]
  0x000001fd14e27800 JavaThread "Asynchronous log dispatcher for DefaultDaemonConnection: socket connection from /127.0.0.1:55692 to /127.0.0.1:55706" [_thread_blocked, id=3964, stack(0x0000008988b00000,0x0000008988c00000)]
  0x000001fd14e27000 JavaThread "Stdin handler" [_thread_blocked, id=4888, stack(0x0000008988c00000,0x0000008988d00000)]
  0x000001fd14e28800 JavaThread "Daemon client event forwarder" [_thread_blocked, id=4268, stack(0x0000008988d00000,0x0000008988e00000)]
  0x000001fd14e22800 JavaThread "Cache worker for file hash cache (C:\Users\Admin\AndroidStudioProjects\My\.gradle\7.2\fileHashes)" [_thread_blocked, id=296, stack(0x0000008988e00000,0x0000008988f00000)]
  0x000001fd14e29000 JavaThread "Cache worker for checksums cache (C:\Users\Admin\AndroidStudioProjects\My\.gradle\checksums)" [_thread_blocked, id=10192, stack(0x0000008988f00000,0x0000008989000000)]
  0x000001fd14e2a000 JavaThread "Cache worker for cache directory md-supplier (C:\Users\Admin\.gradle\caches\7.2\md-supplier)" [_thread_blocked, id=4916, stack(0x0000008989000000,0x0000008989100000)]
  0x000001fd14e23800 JavaThread "Cache worker for cache directory md-rule (C:\Users\Admin\.gradle\caches\7.2\md-rule)" [_thread_blocked, id=3656, stack(0x0000008989100000,0x0000008989200000)]
  0x000001fd14e2b000 JavaThread "Cache worker for dependencies-accessors (C:\Users\Admin\AndroidStudioProjects\My\.gradle\7.2\dependencies-accessors)" [_thread_blocked, id=6100, stack(0x0000008989200000,0x0000008989300000)]
  0x000001fd14e2b800 JavaThread "Cache worker for Build Output Cleanup Cache (C:\Users\Admin\AndroidStudioProjects\My\.gradle\buildOutputCleanup)" [_thread_blocked, id=9276, stack(0x0000008989300000,0x0000008989400000)]
  0x000001fd14e26000 JavaThread "Unconstrained build operations" [_thread_blocked, id=9348, stack(0x0000008989400000,0x0000008989500000)]
  0x000001fd14e2c800 JavaThread "Unconstrained build operations Thread 2" [_thread_blocked, id=804, stack(0x0000008989500000,0x0000008989600000)]
  0x000001fd14e2d800 JavaThread "Unconstrained build operations Thread 3" [_thread_blocked, id=3088, stack(0x0000008989600000,0x0000008989700000)]
  0x000001fd14e2e000 JavaThread "Unconstrained build operations Thread 4" [_thread_blocked, id=5200, stack(0x0000008989700000,0x0000008989800000)]
  0x000001fd14e30000 JavaThread "Unconstrained build operations Thread 5" [_thread_blocked, id=7392, stack(0x0000008989800000,0x0000008989900000)]
  0x000001fd15e7b800 JavaThread "Unconstrained build operations Thread 6" [_thread_blocked, id=2228, stack(0x0000008989900000,0x0000008989a00000)]
  0x000001fd15e7e000 JavaThread "Unconstrained build operations Thread 7" [_thread_blocked, id=9240, stack(0x0000008989a00000,0x0000008989b00000)]
  0x000001fd15e7f000 JavaThread "Unconstrained build operations Thread 8" [_thread_blocked, id=696, stack(0x0000008989b00000,0x0000008989c00000)]
  0x000001fd15e79000 JavaThread "Unconstrained build operations Thread 9" [_thread_blocked, id=5220, stack(0x0000008989c00000,0x0000008989d00000)]
  0x000001fd15e7a000 JavaThread "Unconstrained build operations Thread 10" [_thread_blocked, id=7780, stack(0x0000008989d00000,0x0000008989e00000)]
  0x000001fd15e7f800 JavaThread "Unconstrained build operations Thread 11" [_thread_blocked, id=7900, stack(0x0000008989e00000,0x0000008989f00000)]
  0x000001fd15e80800 JavaThread "Unconstrained build operations Thread 12" [_thread_blocked, id=6224, stack(0x0000008989f00000,0x000000898a000000)]
  0x000001fd15e7b000 JavaThread "Unconstrained build operations Thread 13" [_thread_blocked, id=5288, stack(0x000000898a000000,0x000000898a100000)]
  0x000001fd15e83800 JavaThread "Unconstrained build operations Thread 14" [_thread_blocked, id=9968, stack(0x000000898a100000,0x000000898a200000)]
  0x000001fd15e84800 JavaThread "Unconstrained build operations Thread 15" [_thread_blocked, id=10640, stack(0x000000898a200000,0x000000898a300000)]
  0x000001fd15e86000 JavaThread "Unconstrained build operations Thread 16" [_thread_blocked, id=10432, stack(0x000000898a300000,0x000000898a400000)]
  0x000001fd15e83000 JavaThread "Unconstrained build operations Thread 17" [_thread_blocked, id=9424, stack(0x000000898a400000,0x000000898a500000)]
  0x000001fd15e85800 JavaThread "Unconstrained build operations Thread 18" [_thread_blocked, id=1808, stack(0x000000898a500000,0x000000898a600000)]
  0x000001fd15e87000 JavaThread "Unconstrained build operations Thread 19" [_thread_blocked, id=8652, stack(0x000000898a600000,0x000000898a700000)]
  0x000001fd10e0f000 JavaThread "Unconstrained build operations Thread 20" [_thread_blocked, id=10348, stack(0x000000898a700000,0x000000898a800000)]
  0x000001fd10e16800 JavaThread "Unconstrained build operations Thread 21" [_thread_blocked, id=10460, stack(0x000000898a800000,0x000000898a900000)]
  0x000001fd10e10800 JavaThread "Unconstrained build operations Thread 22" [_thread_blocked, id=5632, stack(0x000000898a900000,0x000000898aa00000)]
  0x000001fd10e18000 JavaThread "Unconstrained build operations Thread 23" [_thread_blocked, id=5340, stack(0x000000898aa00000,0x000000898ab00000)]
  0x000001fd10e19000 JavaThread "Unconstrained build operations Thread 24" [_thread_blocked, id=8208, stack(0x000000898ab00000,0x000000898ac00000)]
  0x000001fd10e13000 JavaThread "Unconstrained build operations Thread 25" [_thread_blocked, id=224, stack(0x000000898ac00000,0x000000898ad00000)]
  0x000001fd10e19800 JavaThread "Unconstrained build operations Thread 26" [_thread_blocked, id=8896, stack(0x000000898ad00000,0x000000898ae00000)]
  0x000001fd10e1b800 JavaThread "Unconstrained build operations Thread 27" [_thread_blocked, id=10624, stack(0x000000898ae00000,0x000000898af00000)]
  0x000001fd10e1a800 JavaThread "Unconstrained build operations Thread 28" [_thread_blocked, id=3876, stack(0x000000898af00000,0x000000898b000000)]
  0x000001fd10e1c000 JavaThread "Unconstrained build operations Thread 29" [_thread_blocked, id=4504, stack(0x000000898b000000,0x000000898b100000)]
  0x000001fd10e1d000 JavaThread "Unconstrained build operations Thread 30" [_thread_blocked, id=11232, stack(0x000000898b100000,0x000000898b200000)]
  0x000001fd10bb2800 JavaThread "Unconstrained build operations Thread 31" [_thread_blocked, id=6068, stack(0x000000898b200000,0x000000898b300000)]
  0x000001fd10bb1800 JavaThread "Unconstrained build operations Thread 32" [_thread_blocked, id=3716, stack(0x000000898b300000,0x000000898b400000)]
  0x000001fd12b8a800 JavaThread "Unconstrained build operations Thread 33" [_thread_blocked, id=3248, stack(0x000000898b400000,0x000000898b500000)]
  0x000001fd12b89800 JavaThread "Unconstrained build operations Thread 34" [_thread_blocked, id=4064, stack(0x000000898b500000,0x000000898b600000)]
  0x000001fd12b87000 JavaThread "Unconstrained build operations Thread 35" [_thread_blocked, id=3280, stack(0x000000898b600000,0x000000898b700000)]
  0x000001fd12b8b800 JavaThread "Unconstrained build operations Thread 36" [_thread_blocked, id=7332, stack(0x000000898b700000,0x000000898b800000)]
  0x000001fd12b8c000 JavaThread "Unconstrained build operations Thread 37" [_thread_blocked, id=2028, stack(0x000000898b800000,0x000000898b900000)]
  0x000001fd12b86800 JavaThread "Unconstrained build operations Thread 38" [_thread_blocked, id=7424, stack(0x000000898b900000,0x000000898ba00000)]
  0x000001fd12b88000 JavaThread "Unconstrained build operations Thread 39" [_thread_blocked, id=10176, stack(0x000000898ba00000,0x000000898bb00000)]
  0x000001fd12b8d000 JavaThread "Unconstrained build operations Thread 40" [_thread_blocked, id=3508, stack(0x000000898bb00000,0x000000898bc00000)]
  0x000001fd12b8d800 JavaThread "build event listener" [_thread_blocked, id=10728, stack(0x000000898bc00000,0x000000898bd00000)]
  0x000001fd12b89000 JavaThread "Execution worker for ':'" [_thread_blocked, id=8596, stack(0x000000898bd00000,0x000000898be00000)]
  0x000001fd12b92000 JavaThread "Execution worker for ':' Thread 2" [_thread_blocked, id=5784, stack(0x000000898be00000,0x000000898bf00000)]
  0x000001fd12b94800 JavaThread "Execution worker for ':' Thread 3" [_thread_blocked, id=4408, stack(0x000000898bf00000,0x000000898c000000)]
  0x000001fd12b91000 JavaThread "Cache worker for execution history cache (C:\Users\Admin\AndroidStudioProjects\My\.gradle\7.2\executionHistory)" [_thread_blocked, id=676, stack(0x000000898c000000,0x000000898c100000)]
  0x000001fd12b92800 JavaThread "Build operations" [_thread_blocked, id=4200, stack(0x000000898c100000,0x000000898c200000)]
  0x000001fd12b93800 JavaThread "Build operations Thread 2" [_thread_blocked, id=4360, stack(0x000000898c200000,0x000000898c300000)]
  0x000001fd12b8e800 JavaThread "Build operations Thread 3" [_thread_blocked, id=9460, stack(0x000000898c300000,0x000000898c400000)]
  0x000001fd12b95000 JavaThread "Build operations Thread 4" [_thread_blocked, id=9304, stack(0x000000898c400000,0x000000898c500000)]

Other Threads:
  0x000001fd7f32a000 VMThread "VM Thread" [stack: 0x00000089ff300000,0x00000089ff400000] [id=9472]
  0x000001fd7fd11000 WatcherThread [stack: 0x00000089ffe00000,0x00000089fff00000] [id=10976]
  0x000001fd74725800 GCTaskThread "GC Thread#0" [stack: 0x00000089fee00000,0x00000089fef00000] [id=2776]
  0x000001fd0f2f7000 GCTaskThread "GC Thread#1" [stack: 0x00000089fff00000,0x0000008a00000000] [id=3904]
  0x000001fd0f4f5000 GCTaskThread "GC Thread#2" [stack: 0x0000008980000000,0x0000008980100000] [id=9360]
  0x000001fd0ffdf800 GCTaskThread "GC Thread#3" [stack: 0x0000008980d00000,0x0000008980e00000] [id=6556]
  0x000001fd74757000 ConcurrentGCThread "G1 Main Marker" [stack: 0x00000089fef00000,0x00000089ff000000] [id=10832]
  0x000001fd74758000 ConcurrentGCThread "G1 Conc#0" [stack: 0x00000089ff000000,0x00000089ff100000] [id=1060]
  0x000001fd7f172800 ConcurrentGCThread "G1 Refine#0" [stack: 0x00000089ff100000,0x00000089ff200000] [id=9596]
  0x000001fd7f173800 ConcurrentGCThread "G1 Young RemSet Sampling" [stack: 0x00000089ff200000,0x00000089ff300000] [id=9112]

Threads with active compile tasks:
C2 CompilerThread0 270744 15980       4       org.gradle.api.internal.attributes.DefaultImmutableAttributesFactory::concat (126 bytes)

VM state:not at safepoint (normal execution)

VM Mutex/Monitor currently owned by a thread: None

Heap address: 0x0000000080000000, size: 2048 MB, Compressed Oops mode: 32-bit
Narrow klass base: 0x0000000000000000, Narrow klass shift: 3
Compressed class space size: 1073741824 Address: 0x0000000100000000

Heap:
 garbage-first heap   total 328704K, used 159123K [0x0000000080000000, 0x0000000100000000)
  region size 1024K, 25 young (25600K), 17 survivors (17408K)
 Metaspace       used 111849K, capacity 115280K, committed 115504K, reserved 1148928K
  class space    used 14218K, capacity 15462K, committed 15564K, reserved 1048576K
Heap Regions: E=young(eden), S=young(survivor), O=old, HS=humongous(starts), HC=humongous(continues), CS=collection set, F=free, A=archive, TAMS=top-at-mark-start (previous, next)
|   0|0x0000000080000000, 0x0000000080100000, 0x0000000080100000|100%| O|  |TAMS 0x0000000080100000, 0x0000000080000000| Untracked 
|   1|0x0000000080100000, 0x0000000080200000, 0x0000000080200000|100%| O|  |TAMS 0x0000000080200000, 0x0000000080100000| Untracked 
|   2|0x0000000080200000, 0x0000000080300000, 0x0000000080300000|100%| O|  |TAMS 0x0000000080300000, 0x0000000080200000| Untracked 
|   3|0x0000000080300000, 0x0000000080400000, 0x0000000080400000|100%|HS|  |TAMS 0x0000000080400000, 0x0000000080300000| Complete 
|   4|0x0000000080400000, 0x0000000080500000, 0x0000000080500000|100%|HC|  |TAMS 0x0000000080500000, 0x0000000080400000| Complete 
|   5|0x0000000080500000, 0x0000000080600000, 0x0000000080600000|100%|HC|  |TAMS 0x0000000080600000, 0x0000000080500000| Complete 
|   6|0x0000000080600000, 0x0000000080700000, 0x0000000080700000|100%| O|  |TAMS 0x0000000080700000, 0x0000000080600000| Untracked 
|   7|0x0000000080700000, 0x0000000080800000, 0x0000000080800000|100%| O|  |TAMS 0x0000000080800000, 0x0000000080700000| Untracked 
|   8|0x0000000080800000, 0x0000000080900000, 0x0000000080900000|100%| O|  |TAMS 0x0000000080900000, 0x0000000080800000| Untracked 
|   9|0x0000000080900000, 0x0000000080a00000, 0x0000000080a00000|100%| O|  |TAMS 0x0000000080a00000, 0x0000000080900000| Untracked 
|  10|0x0000000080a00000, 0x0000000080b00000, 0x0000000080b00000|100%| O|  |TAMS 0x0000000080b00000, 0x0000000080a00000| Untracked 
|  11|0x0000000080b00000, 0x0000000080c00000, 0x0000000080c00000|100%| O|  |TAMS 0x0000000080c00000, 0x0000000080b00000| Untracked 
|  12|0x0000000080c00000, 0x0000000080d00000, 0x0000000080d00000|100%| O|  |TAMS 0x0000000080d00000, 0x0000000080c00000| Untracked 
|  13|0x0000000080d00000, 0x0000000080e00000, 0x0000000080e00000|100%| O|  |TAMS 0x0000000080e00000, 0x0000000080d00000| Untracked 
|  14|0x0000000080e00000, 0x0000000080f00000, 0x0000000080f00000|100%|HS|  |TAMS 0x0000000080f00000, 0x0000000080e00000| Complete 
|  15|0x0000000080f00000, 0x0000000081000000, 0x0000000081000000|100%|HC|  |TAMS 0x0000000081000000, 0x0000000080f00000| Complete 
|  16|0x0000000081000000, 0x0000000081100000, 0x0000000081100000|100%|HS|  |TAMS 0x0000000081100000, 0x0000000081000000| Complete 
|  17|0x0000000081100000, 0x0000000081200000, 0x0000000081200000|100%|HC|  |TAMS 0x0000000081200000, 0x0000000081100000| Complete 
|  18|0x0000000081200000, 0x0000000081300000, 0x0000000081300000|100%|HC|  |TAMS 0x0000000081300000, 0x0000000081200000| Complete 
|  19|0x0000000081300000, 0x0000000081400000, 0x0000000081400000|100%|HS|  |TAMS 0x0000000081400000, 0x0000000081300000| Complete 
|  20|0x0000000081400000, 0x0000000081500000, 0x0000000081500000|100%|HC|  |TAMS 0x0000000081500000, 0x0000000081400000| Complete 
|  21|0x0000000081500000, 0x0000000081600000, 0x0000000081600000|100%|HC|  |TAMS 0x0000000081600000, 0x0000000081500000| Complete 
|  22|0x0000000081600000, 0x0000000081700000, 0x0000000081700000|100%|HC|  |TAMS 0x0000000081700000, 0x0000000081600000| Complete 
|  23|0x0000000081700000, 0x0000000081800000, 0x0000000081800000|100%| O|  |TAMS 0x0000000081800000, 0x0000000081700000| Untracked 
|  24|0x0000000081800000, 0x0000000081900000, 0x0000000081900000|100%| O|  |TAMS 0x0000000081900000, 0x0000000081800000| Untracked 
|  25|0x0000000081900000, 0x0000000081a00000, 0x0000000081a00000|100%| O|  |TAMS 0x0000000081a00000, 0x0000000081900000| Untracked 
|  26|0x0000000081a00000, 0x0000000081b00000, 0x0000000081b00000|100%| O|  |TAMS 0x0000000081b00000, 0x0000000081a00000| Untracked 
|  27|0x0000000081b00000, 0x0000000081c00000, 0x0000000081c00000|100%| O|  |TAMS 0x0000000081c00000, 0x0000000081b00000| Untracked 
|  28|0x0000000081c00000, 0x0000000081d00000, 0x0000000081d00000|100%| O|  |TAMS 0x0000000081d00000, 0x0000000081c00000| Untracked 
|  29|0x0000000081d00000, 0x0000000081e00000, 0x0000000081e00000|100%| O|  |TAMS 0x0000000081e00000, 0x0000000081d00000| Untracked 
|  30|0x0000000081e00000, 0x0000000081f00000, 0x0000000081f00000|100%| O|  |TAMS 0x0000000081f00000, 0x0000000081e00000| Untracked 
|  31|0x0000000081f00000, 0x0000000082000000, 0x0000000082000000|100%| O|  |TAMS 0x0000000082000000, 0x0000000081f00000| Untracked 
|  32|0x0000000082000000, 0x0000000082100000, 0x0000000082100000|100%| O|  |TAMS 0x0000000082100000, 0x0000000082000000| Untracked 
|  33|0x0000000082100000, 0x0000000082200000, 0x0000000082200000|100%| O|  |TAMS 0x0000000082200000, 0x0000000082100000| Untracked 
|  34|0x0000000082200000, 0x0000000082300000, 0x0000000082300000|100%| O|  |TAMS 0x0000000082300000, 0x0000000082200000| Untracked 
|  35|0x0000000082300000, 0x0000000082400000, 0x0000000082400000|100%| O|  |TAMS 0x0000000082400000, 0x0000000082300000| Untracked 
|  36|0x0000000082400000, 0x0000000082500000, 0x0000000082500000|100%| O|  |TAMS 0x0000000082500000, 0x0000000082400000| Untracked 
|  37|0x0000000082500000, 0x0000000082600000, 0x0000000082600000|100%| O|  |TAMS 0x0000000082600000, 0x0000000082500000| Untracked 
|  38|0x0000000082600000, 0x0000000082700000, 0x0000000082700000|100%|HS|  |TAMS 0x0000000082700000, 0x0000000082600000| Complete 
|  39|0x0000000082700000, 0x0000000082800000, 0x0000000082800000|100%|HC|  |TAMS 0x0000000082800000, 0x0000000082700000| Complete 
|  40|0x0000000082800000, 0x0000000082900000, 0x0000000082900000|100%|HC|  |TAMS 0x0000000082900000, 0x0000000082800000| Complete 
|  41|0x0000000082900000, 0x0000000082a00000, 0x0000000082a00000|100%| O|  |TAMS 0x0000000082900000, 0x0000000082900000| Untracked 
|  42|0x0000000082a00000, 0x0000000082b00000, 0x0000000082b00000|100%| O|  |TAMS 0x0000000082b00000, 0x0000000082a00000| Untracked 
|  43|0x0000000082b00000, 0x0000000082c00000, 0x0000000082c00000|100%| O|  |TAMS 0x0000000082c00000, 0x0000000082b00000| Untracked 
|  44|0x0000000082c00000, 0x0000000082d00000, 0x0000000082d00000|100%| O|  |TAMS 0x0000000082d00000, 0x0000000082c00000| Untracked 
|  45|0x0000000082d00000, 0x0000000082e00000, 0x0000000082e00000|100%| O|  |TAMS 0x0000000082e00000, 0x0000000082d00000| Untracked 
|  46|0x0000000082e00000, 0x0000000082f00000, 0x0000000082f00000|100%| O|  |TAMS 0x0000000082f00000, 0x0000000082e00000| Untracked 
|  47|0x0000000082f00000, 0x0000000083000000, 0x0000000083000000|100%| O|  |TAMS 0x0000000083000000, 0x0000000082f00000| Untracked 
|  48|0x0000000083000000, 0x0000000083100000, 0x0000000083100000|100%| O|  |TAMS 0x0000000083100000, 0x0000000083000000| Untracked 
|  49|0x0000000083100000, 0x0000000083200000, 0x0000000083200000|100%| O|  |TAMS 0x0000000083200000, 0x0000000083100000| Untracked 
|  50|0x0000000083200000, 0x0000000083300000, 0x0000000083300000|100%| O|  |TAMS 0x0000000083300000, 0x0000000083200000| Untracked 
|  51|0x0000000083300000, 0x0000000083400000, 0x0000000083400000|100%| O|  |TAMS 0x0000000083300000, 0x0000000083300000| Untracked 
|  52|0x0000000083400000, 0x0000000083500000, 0x0000000083500000|100%| O|  |TAMS 0x0000000083500000, 0x0000000083400000| Untracked 
|  53|0x0000000083500000, 0x0000000083600000, 0x0000000083600000|100%|HS|  |TAMS 0x0000000083600000, 0x0000000083500000| Complete 
|  54|0x0000000083600000, 0x0000000083700000, 0x0000000083700000|100%|HS|  |TAMS 0x0000000083700000, 0x0000000083600000| Complete 
|  55|0x0000000083700000, 0x0000000083800000, 0x0000000083800000|100%|HC|  |TAMS 0x0000000083800000, 0x0000000083700000| Complete 
|  56|0x0000000083800000, 0x0000000083900000, 0x0000000083900000|100%|HC|  |TAMS 0x0000000083900000, 0x0000000083800000| Complete 
|  57|0x0000000083900000, 0x0000000083a00000, 0x0000000083a00000|100%|HC|  |TAMS 0x0000000083a00000, 0x0000000083900000| Complete 
|  58|0x0000000083a00000, 0x0000000083b00000, 0x0000000083b00000|100%|HS|  |TAMS 0x0000000083b00000, 0x0000000083a00000| Complete 
|  59|0x0000000083b00000, 0x0000000083c00000, 0x0000000083c00000|100%|HS|  |TAMS 0x0000000083c00000, 0x0000000083b00000| Complete 
|  60|0x0000000083c00000, 0x0000000083d00000, 0x0000000083d00000|100%|HS|  |TAMS 0x0000000083d00000, 0x0000000083c00000| Complete 
|  61|0x0000000083d00000, 0x0000000083e00000, 0x0000000083e00000|100%|HC|  |TAMS 0x0000000083e00000, 0x0000000083d00000| Complete 
|  62|0x0000000083e00000, 0x0000000083f00000, 0x0000000083f00000|100%| O|  |TAMS 0x0000000083f00000, 0x0000000083e00000| Untracked 
|  63|0x0000000083f00000, 0x0000000084000000, 0x0000000084000000|100%| O|  |TAMS 0x0000000084000000, 0x0000000083f00000| Untracked 
|  64|0x0000000084000000, 0x0000000084100000, 0x0000000084100000|100%| O|  |TAMS 0x0000000084100000, 0x0000000084000000| Untracked 
|  65|0x0000000084100000, 0x0000000084200000, 0x0000000084200000|100%| O|  |TAMS 0x0000000084200000, 0x0000000084100000| Untracked 
|  66|0x0000000084200000, 0x0000000084300000, 0x0000000084300000|100%| O|  |TAMS 0x0000000084300000, 0x0000000084200000| Untracked 
|  67|0x0000000084300000, 0x0000000084400000, 0x0000000084400000|100%| O|  |TAMS 0x0000000084400000, 0x0000000084300000| Untracked 
|  68|0x0000000084400000, 0x0000000084500000, 0x0000000084500000|100%| O|  |TAMS 0x0000000084500000, 0x0000000084400000| Untracked 
|  69|0x0000000084500000, 0x0000000084600000, 0x0000000084600000|100%|HS|  |TAMS 0x0000000084600000, 0x0000000084500000| Complete 
|  70|0x0000000084600000, 0x0000000084700000, 0x0000000084700000|100%|HC|  |TAMS 0x0000000084700000, 0x0000000084600000| Complete 
|  71|0x0000000084700000, 0x0000000084800000, 0x0000000084800000|100%|HS|  |TAMS 0x0000000084800000, 0x0000000084700000| Complete 
|  72|0x0000000084800000, 0x0000000084900000, 0x0000000084900000|100%|HC|  |TAMS 0x0000000084900000, 0x0000000084800000| Complete 
|  73|0x0000000084900000, 0x0000000084a00000, 0x0000000084a00000|100%|HC|  |TAMS 0x0000000084a00000, 0x0000000084900000| Complete 
|  74|0x0000000084a00000, 0x0000000084b00000, 0x0000000084b00000|100%|HS|  |TAMS 0x0000000084b00000, 0x0000000084a00000| Complete 
|  75|0x0000000084b00000, 0x0000000084c00000, 0x0000000084c00000|100%|HC|  |TAMS 0x0000000084c00000, 0x0000000084b00000| Complete 
|  76|0x0000000084c00000, 0x0000000084d00000, 0x0000000084d00000|100%|HC|  |TAMS 0x0000000084d00000, 0x0000000084c00000| Complete 
|  77|0x0000000084d00000, 0x0000000084e00000, 0x0000000084e00000|100%|HC|  |TAMS 0x0000000084e00000, 0x0000000084d00000| Complete 
|  78|0x0000000084e00000, 0x0000000084f00000, 0x0000000084f00000|100%| O|  |TAMS 0x0000000084f00000, 0x0000000084e00000| Untracked 
|  79|0x0000000084f00000, 0x0000000085000000, 0x0000000085000000|100%| O|  |TAMS 0x0000000085000000, 0x0000000084f00000| Untracked 
|  80|0x0000000085000000, 0x0000000085100000, 0x0000000085100000|100%| O|  |TAMS 0x0000000085100000, 0x0000000085000000| Untracked 
|  81|0x0000000085100000, 0x0000000085200000, 0x0000000085200000|100%| O|  |TAMS 0x0000000085200000, 0x0000000085100000| Untracked 
|  82|0x0000000085200000, 0x0000000085300000, 0x0000000085300000|100%| O|  |TAMS 0x0000000085300000, 0x0000000085200000| Untracked 
|  83|0x0000000085300000, 0x0000000085400000, 0x0000000085400000|100%| O|  |TAMS 0x0000000085400000, 0x0000000085300000| Untracked 
|  84|0x0000000085400000, 0x0000000085500000, 0x0000000085500000|100%| O|  |TAMS 0x0000000085500000, 0x0000000085400000| Untracked 
|  85|0x0000000085500000, 0x0000000085600000, 0x0000000085600000|100%| O|  |TAMS 0x0000000085600000, 0x0000000085500000| Untracked 
|  86|0x0000000085600000, 0x0000000085700000, 0x0000000085700000|100%| O|  |TAMS 0x0000000085700000, 0x0000000085600000| Untracked 
|  87|0x0000000085700000, 0x0000000085800000, 0x0000000085800000|100%| O|  |TAMS 0x0000000085800000, 0x0000000085700000| Untracked 
|  88|0x0000000085800000, 0x0000000085900000, 0x0000000085900000|100%| O|  |TAMS 0x0000000085900000, 0x0000000085800000| Untracked 
|  89|0x0000000085900000, 0x0000000085a00000, 0x0000000085a00000|100%| O|  |TAMS 0x0000000085a00000, 0x0000000085900000| Untracked 
|  90|0x0000000085a00000, 0x0000000085b00000, 0x0000000085b00000|100%| O|  |TAMS 0x0000000085b00000, 0x0000000085a00000| Untracked 
|  91|0x0000000085b00000, 0x0000000085c00000, 0x0000000085c00000|100%| O|  |TAMS 0x0000000085c00000, 0x0000000085b00000| Untracked 
|  92|0x0000000085c00000, 0x0000000085d00000, 0x0000000085d00000|100%| O|  |TAMS 0x0000000085d00000, 0x0000000085c00000| Untracked 
|  93|0x0000000085d00000, 0x0000000085e00000, 0x0000000085e00000|100%| O|  |TAMS 0x0000000085e00000, 0x0000000085d00000| Untracked 
|  94|0x0000000085e00000, 0x0000000085f00000, 0x0000000085f00000|100%| O|  |TAMS 0x0000000085f00000, 0x0000000085e00000| Untracked 
|  95|0x0000000085f00000, 0x0000000086000000, 0x0000000086000000|100%| O|  |TAMS 0x0000000086000000, 0x0000000085f00000| Untracked 
|  96|0x0000000086000000, 0x0000000086100000, 0x0000000086100000|100%| O|  |TAMS 0x0000000086100000, 0x0000000086000000| Untracked 
|  97|0x0000000086100000, 0x0000000086200000, 0x0000000086200000|100%| O|  |TAMS 0x0000000086200000, 0x0000000086100000| Untracked 
|  98|0x0000000086200000, 0x0000000086300000, 0x0000000086300000|100%| O|  |TAMS 0x0000000086300000, 0x0000000086200000| Untracked 
|  99|0x0000000086300000, 0x0000000086400000, 0x0000000086400000|100%| O|  |TAMS 0x0000000086400000, 0x0000000086300000| Untracked 
| 100|0x0000000086400000, 0x0000000086500000, 0x0000000086500000|100%| O|  |TAMS 0x0000000086500000, 0x0000000086400000| Untracked 
| 101|0x0000000086500000, 0x0000000086600000, 0x0000000086600000|100%| O|  |TAMS 0x0000000086600000, 0x0000000086500000| Untracked 
| 102|0x0000000086600000, 0x0000000086700000, 0x0000000086700000|100%| O|  |TAMS 0x0000000086700000, 0x0000000086600000| Untracked 
| 103|0x0000000086700000, 0x0000000086800000, 0x0000000086800000|100%| O|  |TAMS 0x0000000086800000, 0x0000000086700000| Untracked 
| 104|0x0000000086800000, 0x0000000086900000, 0x0000000086900000|100%| O|  |TAMS 0x0000000086800000, 0x0000000086800000| Untracked 
| 105|0x0000000086900000, 0x0000000086a00000, 0x0000000086a00000|100%| O|  |TAMS 0x0000000086900000, 0x0000000086900000| Untracked 
| 106|0x0000000086a00000, 0x0000000086b00000, 0x0000000086b00000|100%| O|  |TAMS 0x0000000086b00000, 0x0000000086a00000| Untracked 
| 107|0x0000000086b00000, 0x0000000086c00000, 0x0000000086c00000|100%| O|  |TAMS 0x0000000086c00000, 0x0000000086b00000| Untracked 
| 108|0x0000000086c00000, 0x0000000086d00000, 0x0000000086d00000|100%| O|  |TAMS 0x0000000086d00000, 0x0000000086c00000| Untracked 
| 109|0x0000000086d00000, 0x0000000086e00000, 0x0000000086e00000|100%| O|  |TAMS 0x0000000086e00000, 0x0000000086d00000| Untracked 
| 110|0x0000000086e00000, 0x0000000086f00000, 0x0000000086f00000|100%| O|  |TAMS 0x0000000086f00000, 0x0000000086e00000| Untracked 
| 111|0x0000000086f00000, 0x0000000087000000, 0x0000000087000000|100%| O|  |TAMS 0x0000000087000000, 0x0000000086f00000| Untracked 
| 112|0x0000000087000000, 0x0000000087100000, 0x0000000087100000|100%| O|  |TAMS 0x0000000087100000, 0x0000000087000000| Untracked 
| 113|0x0000000087100000, 0x0000000087200000, 0x0000000087200000|100%| O|  |TAMS 0x0000000087200000, 0x0000000087100000| Untracked 
| 114|0x0000000087200000, 0x0000000087300000, 0x0000000087300000|100%| O|  |TAMS 0x0000000087238200, 0x0000000087200000| Untracked 
| 115|0x0000000087300000, 0x0000000087400000, 0x0000000087400000|100%| O|  |TAMS 0x0000000087300000, 0x0000000087300000| Untracked 
| 116|0x0000000087400000, 0x0000000087500000, 0x0000000087500000|100%| O|  |TAMS 0x0000000087400000, 0x0000000087400000| Untracked 
| 117|0x0000000087500000, 0x0000000087600000, 0x0000000087600000|100%| O|  |TAMS 0x0000000087500000, 0x0000000087500000| Untracked 
| 118|0x0000000087600000, 0x0000000087700000, 0x0000000087700000|100%| O|  |TAMS 0x0000000087600000, 0x0000000087600000| Untracked 
| 119|0x0000000087700000, 0x0000000087800000, 0x0000000087800000|100%| O|  |TAMS 0x0000000087700000, 0x0000000087700000| Untracked 
| 120|0x0000000087800000, 0x0000000087900000, 0x0000000087900000|100%| O|  |TAMS 0x0000000087800000, 0x0000000087800000| Untracked 
| 121|0x0000000087900000, 0x0000000087a00000, 0x0000000087a00000|100%| O|  |TAMS 0x0000000087900000, 0x0000000087900000| Untracked 
| 122|0x0000000087a00000, 0x0000000087b00000, 0x0000000087b00000|100%| O|  |TAMS 0x0000000087a00000, 0x0000000087a00000| Untracked 
| 123|0x0000000087b00000, 0x0000000087c00000, 0x0000000087c00000|100%| O|  |TAMS 0x0000000087b00000, 0x0000000087b00000| Untracked 
| 124|0x0000000087c00000, 0x0000000087d00000, 0x0000000087d00000|100%| O|  |TAMS 0x0000000087c00000, 0x0000000087c00000| Untracked 
| 125|0x0000000087d00000, 0x0000000087e00000, 0x0000000087e00000|100%| O|  |TAMS 0x0000000087d00000, 0x0000000087d00000| Untracked 
| 126|0x0000000087e00000, 0x0000000087f00000, 0x0000000087f00000|100%| O|  |TAMS 0x0000000087e00000, 0x0000000087e00000| Untracked 
| 127|0x0000000087f00000, 0x0000000088000000, 0x0000000088000000|100%| O|  |TAMS 0x0000000087f00000, 0x0000000087f00000| Untracked 
| 128|0x0000000088000000, 0x0000000088100000, 0x0000000088100000|100%| O|  |TAMS 0x0000000088000000, 0x0000000088000000| Untracked 
| 129|0x0000000088100000, 0x0000000088164c00, 0x0000000088200000| 39%| O|  |TAMS 0x0000000088100000, 0x0000000088100000| Untracked 
| 130|0x0000000088200000, 0x0000000088300000, 0x0000000088300000|100%|HS|  |TAMS 0x0000000088200000, 0x0000000088200000| Complete 
| 131|0x0000000088300000, 0x0000000088400000, 0x0000000088400000|100%|HC|  |TAMS 0x0000000088300000, 0x0000000088300000| Complete 
| 132|0x0000000088400000, 0x0000000088400000, 0x0000000088500000|  0%| F|  |TAMS 0x0000000088400000, 0x0000000088400000| Untracked 
| 133|0x0000000088500000, 0x0000000088500000, 0x0000000088600000|  0%| F|  |TAMS 0x0000000088500000, 0x0000000088500000| Untracked 
| 134|0x0000000088600000, 0x0000000088600000, 0x0000000088700000|  0%| F|  |TAMS 0x0000000088600000, 0x0000000088600000| Untracked 
| 135|0x0000000088700000, 0x0000000088700000, 0x0000000088800000|  0%| F|  |TAMS 0x0000000088700000, 0x0000000088700000| Untracked 
| 136|0x0000000088800000, 0x0000000088800000, 0x0000000088900000|  0%| F|  |TAMS 0x0000000088800000, 0x0000000088800000| Untracked 
| 137|0x0000000088900000, 0x0000000088900000, 0x0000000088a00000|  0%| F|  |TAMS 0x0000000088900000, 0x0000000088900000| Untracked 
| 138|0x0000000088a00000, 0x0000000088a00000, 0x0000000088b00000|  0%| F|  |TAMS 0x0000000088a00000, 0x0000000088a00000| Untracked 
| 139|0x0000000088b00000, 0x0000000088b00000, 0x0000000088c00000|  0%| F|  |TAMS 0x0000000088b00000, 0x0000000088b00000| Untracked 
| 140|0x0000000088c00000, 0x0000000088c00000, 0x0000000088d00000|  0%| F|  |TAMS 0x0000000088c00000, 0x0000000088c00000| Untracked 
| 141|0x0000000088d00000, 0x0000000088d00000, 0x0000000088e00000|  0%| F|  |TAMS 0x0000000088d00000, 0x0000000088d00000| Untracked 
| 142|0x0000000088e00000, 0x0000000088e00000, 0x0000000088f00000|  0%| F|  |TAMS 0x0000000088e00000, 0x0000000088e00000| Untracked 
| 143|0x0000000088f00000, 0x0000000088f00000, 0x0000000089000000|  0%| F|  |TAMS 0x0000000088f00000, 0x0000000088f00000| Untracked 
| 144|0x0000000089000000, 0x0000000089000000, 0x0000000089100000|  0%| F|  |TAMS 0x0000000089000000, 0x0000000089000000| Untracked 
| 145|0x0000000089100000, 0x0000000089100000, 0x0000000089200000|  0%| F|  |TAMS 0x0000000089100000, 0x0000000089100000| Untracked 
| 146|0x0000000089200000, 0x0000000089200000, 0x0000000089300000|  0%| F|  |TAMS 0x0000000089200000, 0x0000000089200000| Untracked 
| 147|0x0000000089300000, 0x0000000089300000, 0x0000000089400000|  0%| F|  |TAMS 0x0000000089300000, 0x0000000089300000| Untracked 
| 148|0x0000000089400000, 0x0000000089400000, 0x0000000089500000|  0%| F|  |TAMS 0x0000000089400000, 0x0000000089400000| Untracked 
| 149|0x0000000089500000, 0x0000000089500000, 0x0000000089600000|  0%| F|  |TAMS 0x0000000089500000, 0x0000000089500000| Untracked 
| 150|0x0000000089600000, 0x0000000089600000, 0x0000000089700000|  0%| F|  |TAMS 0x0000000089600000, 0x0000000089600000| Untracked 
| 151|0x0000000089700000, 0x0000000089700000, 0x0000000089800000|  0%| F|  |TAMS 0x0000000089700000, 0x0000000089700000| Untracked 
| 152|0x0000000089800000, 0x0000000089800000, 0x0000000089900000|  0%| F|  |TAMS 0x0000000089800000, 0x0000000089800000| Untracked 
| 153|0x0000000089900000, 0x0000000089900000, 0x0000000089a00000|  0%| F|  |TAMS 0x0000000089900000, 0x0000000089900000| Untracked 
| 154|0x0000000089a00000, 0x0000000089a00000, 0x0000000089b00000|  0%| F|  |TAMS 0x0000000089a00000, 0x0000000089a00000| Untracked 
| 155|0x0000000089b00000, 0x0000000089b00000, 0x0000000089c00000|  0%| F|  |TAMS 0x0000000089b00000, 0x0000000089b00000| Untracked 
| 156|0x0000000089c00000, 0x0000000089c00000, 0x0000000089d00000|  0%| F|  |TAMS 0x0000000089c00000, 0x0000000089c00000| Untracked 
| 157|0x0000000089d00000, 0x0000000089d00000, 0x0000000089e00000|  0%| F|  |TAMS 0x0000000089d00000, 0x0000000089d00000| Untracked 
| 158|0x0000000089e00000, 0x0000000089e00000, 0x0000000089f00000|  0%| F|  |TAMS 0x0000000089e00000, 0x0000000089e00000| Untracked 
| 159|0x0000000089f00000, 0x0000000089f00000, 0x000000008a000000|  0%| F|  |TAMS 0x0000000089f00000, 0x0000000089f00000| Untracked 
| 160|0x000000008a000000, 0x000000008a000000, 0x000000008a100000|  0%| F|  |TAMS 0x000000008a000000, 0x000000008a000000| Untracked 
| 161|0x000000008a100000, 0x000000008a100000, 0x000000008a200000|  0%| F|  |TAMS 0x000000008a100000, 0x000000008a100000| Untracked 
| 162|0x000000008a200000, 0x000000008a200000, 0x000000008a300000|  0%| F|  |TAMS 0x000000008a200000, 0x000000008a200000| Untracked 
| 163|0x000000008a300000, 0x000000008a300000, 0x000000008a400000|  0%| F|  |TAMS 0x000000008a300000, 0x000000008a300000| Untracked 
| 164|0x000000008a400000, 0x000000008a400000, 0x000000008a500000|  0%| F|  |TAMS 0x000000008a400000, 0x000000008a400000| Untracked 
| 165|0x000000008a500000, 0x000000008a500000, 0x000000008a600000|  0%| F|  |TAMS 0x000000008a500000, 0x000000008a500000| Untracked 
| 166|0x000000008a600000, 0x000000008a600000, 0x000000008a700000|  0%| F|  |TAMS 0x000000008a600000, 0x000000008a600000| Untracked 
| 167|0x000000008a700000, 0x000000008a700000, 0x000000008a800000|  0%| F|  |TAMS 0x000000008a700000, 0x000000008a700000| Untracked 
| 168|0x000000008a800000, 0x000000008a900000, 0x000000008a900000|100%| S|CS|TAMS 0x000000008a800000, 0x000000008a800000| Complete 
| 169|0x000000008a900000, 0x000000008aa00000, 0x000000008aa00000|100%| S|CS|TAMS 0x000000008a900000, 0x000000008a900000| Complete 
| 170|0x000000008aa00000, 0x000000008ab00000, 0x000000008ab00000|100%| S|CS|TAMS 0x000000008aa00000, 0x000000008aa00000| Complete 
| 171|0x000000008ab00000, 0x000000008ac00000, 0x000000008ac00000|100%| S|CS|TAMS 0x000000008ab00000, 0x000000008ab00000| Complete 
| 172|0x000000008ac00000, 0x000000008ad00000, 0x000000008ad00000|100%| S|CS|TAMS 0x000000008ac00000, 0x000000008ac00000| Complete 
| 173|0x000000008ad00000, 0x000000008ae00000, 0x000000008ae00000|100%| S|CS|TAMS 0x000000008ad00000, 0x000000008ad00000| Complete 
| 174|0x000000008ae00000, 0x000000008af00000, 0x000000008af00000|100%| S|CS|TAMS 0x000000008ae00000, 0x000000008ae00000| Complete 
| 175|0x000000008af00000, 0x000000008b000000, 0x000000008b000000|100%| S|CS|TAMS 0x000000008af00000, 0x000000008af00000| Complete 
| 176|0x000000008b000000, 0x000000008b100000, 0x000000008b100000|100%| S|CS|TAMS 0x000000008b000000, 0x000000008b000000| Complete 
| 177|0x000000008b100000, 0x000000008b200000, 0x000000008b200000|100%| S|CS|TAMS 0x000000008b100000, 0x000000008b100000| Complete 
| 178|0x000000008b200000, 0x000000008b200000, 0x000000008b300000|  0%| F|  |TAMS 0x000000008b200000, 0x000000008b200000| Untracked 
| 179|0x000000008b300000, 0x000000008b300000, 0x000000008b400000|  0%| F|  |TAMS 0x000000008b300000, 0x000000008b300000| Untracked 
| 180|0x000000008b400000, 0x000000008b400000, 0x000000008b500000|  0%| F|  |TAMS 0x000000008b400000, 0x000000008b400000| Untracked 
| 181|0x000000008b500000, 0x000000008b500000, 0x000000008b600000|  0%| F|  |TAMS 0x000000008b500000, 0x000000008b500000| Untracked 
| 182|0x000000008b600000, 0x000000008b600000, 0x000000008b700000|  0%| F|  |TAMS 0x000000008b600000, 0x000000008b600000| Untracked 
| 183|0x000000008b700000, 0x000000008b700000, 0x000000008b800000|  0%| F|  |TAMS 0x000000008b700000, 0x000000008b700000| Untracked 
| 184|0x000000008b800000, 0x000000008b800000, 0x000000008b900000|  0%| F|  |TAMS 0x000000008b800000, 0x000000008b800000| Untracked 
| 185|0x000000008b900000, 0x000000008b900000, 0x000000008ba00000|  0%| F|  |TAMS 0x000000008b900000, 0x000000008b900000| Untracked 
| 186|0x000000008ba00000, 0x000000008ba00000, 0x000000008bb00000|  0%| F|  |TAMS 0x000000008ba00000, 0x000000008ba00000| Untracked 
| 187|0x000000008bb00000, 0x000000008bc00000, 0x000000008bc00000|100%| S|CS|TAMS 0x000000008bb00000, 0x000000008bb00000| Complete 
| 188|0x000000008bc00000, 0x000000008bd00000, 0x000000008bd00000|100%| S|CS|TAMS 0x000000008bc00000, 0x000000008bc00000| Complete 
| 189|0x000000008bd00000, 0x000000008be00000, 0x000000008be00000|100%| S|CS|TAMS 0x000000008bd00000, 0x000000008bd00000| Complete 
| 190|0x000000008be00000, 0x000000008bf00000, 0x000000008bf00000|100%| S|CS|TAMS 0x000000008be00000, 0x000000008be00000| Complete 
| 191|0x000000008bf00000, 0x000000008c000000, 0x000000008c000000|100%| S|CS|TAMS 0x000000008bf00000, 0x000000008bf00000| Complete 
| 192|0x000000008c000000, 0x000000008c100000, 0x000000008c100000|100%| S|CS|TAMS 0x000000008c000000, 0x000000008c000000| Complete 
| 193|0x000000008c100000, 0x000000008c200000, 0x000000008c200000|100%| S|CS|TAMS 0x000000008c100000, 0x000000008c100000| Complete 
| 194|0x000000008c200000, 0x000000008c200000, 0x000000008c300000|  0%| F|  |TAMS 0x000000008c200000, 0x000000008c200000| Untracked 
| 195|0x000000008c300000, 0x000000008c300000, 0x000000008c400000|  0%| F|  |TAMS 0x000000008c300000, 0x000000008c300000| Untracked 
| 196|0x000000008c400000, 0x000000008c400000, 0x000000008c500000|  0%| F|  |TAMS 0x000000008c400000, 0x000000008c400000| Untracked 
| 197|0x000000008c500000, 0x000000008c500000, 0x000000008c600000|  0%| F|  |TAMS 0x000000008c500000, 0x000000008c500000| Untracked 
| 198|0x000000008c600000, 0x000000008c600000, 0x000000008c700000|  0%| F|  |TAMS 0x000000008c600000, 0x000000008c600000| Untracked 
| 199|0x000000008c700000, 0x000000008c700000, 0x000000008c800000|  0%| F|  |TAMS 0x000000008c700000, 0x000000008c700000| Untracked 
| 200|0x000000008c800000, 0x000000008c800000, 0x000000008c900000|  0%| F|  |TAMS 0x000000008c800000, 0x000000008c800000| Untracked 
| 201|0x000000008c900000, 0x000000008c900000, 0x000000008ca00000|  0%| F|  |TAMS 0x000000008c900000, 0x000000008c900000| Untracked 
| 202|0x000000008ca00000, 0x000000008ca00000, 0x000000008cb00000|  0%| F|  |TAMS 0x000000008ca00000, 0x000000008ca00000| Untracked 
| 203|0x000000008cb00000, 0x000000008cb00000, 0x000000008cc00000|  0%| F|  |TAMS 0x000000008cb00000, 0x000000008cb00000| Untracked 
| 204|0x000000008cc00000, 0x000000008cc00000, 0x000000008cd00000|  0%| F|  |TAMS 0x000000008cc00000, 0x000000008cc00000| Untracked 
| 205|0x000000008cd00000, 0x000000008cd00000, 0x000000008ce00000|  0%| F|  |TAMS 0x000000008cd00000, 0x000000008cd00000| Untracked 
| 206|0x000000008ce00000, 0x000000008ce00000, 0x000000008cf00000|  0%| F|  |TAMS 0x000000008ce00000, 0x000000008ce00000| Untracked 
| 207|0x000000008cf00000, 0x000000008cf00000, 0x000000008d000000|  0%| F|  |TAMS 0x000000008cf00000, 0x000000008cf00000| Untracked 
| 208|0x000000008d000000, 0x000000008d000000, 0x000000008d100000|  0%| F|  |TAMS 0x000000008d000000, 0x000000008d000000| Untracked 
| 209|0x000000008d100000, 0x000000008d100000, 0x000000008d200000|  0%| F|  |TAMS 0x000000008d100000, 0x000000008d100000| Untracked 
| 210|0x000000008d200000, 0x000000008d200000, 0x000000008d300000|  0%| F|  |TAMS 0x000000008d200000, 0x000000008d200000| Untracked 
| 211|0x000000008d300000, 0x000000008d300000, 0x000000008d400000|  0%| F|  |TAMS 0x000000008d300000, 0x000000008d300000| Untracked 
| 212|0x000000008d400000, 0x000000008d400000, 0x000000008d500000|  0%| F|  |TAMS 0x000000008d400000, 0x000000008d400000| Untracked 
| 213|0x000000008d500000, 0x000000008d500000, 0x000000008d600000|  0%| F|  |TAMS 0x000000008d500000, 0x000000008d500000| Untracked 
| 214|0x000000008d600000, 0x000000008d600000, 0x000000008d700000|  0%| F|  |TAMS 0x000000008d600000, 0x000000008d600000| Untracked 
| 215|0x000000008d700000, 0x000000008d700000, 0x000000008d800000|  0%| F|  |TAMS 0x000000008d700000, 0x000000008d700000| Untracked 
| 216|0x000000008d800000, 0x000000008d800000, 0x000000008d900000|  0%| F|  |TAMS 0x000000008d800000, 0x000000008d800000| Untracked 
| 217|0x000000008d900000, 0x000000008d900000, 0x000000008da00000|  0%| F|  |TAMS 0x000000008d900000, 0x000000008d900000| Untracked 
| 218|0x000000008da00000, 0x000000008da00000, 0x000000008db00000|  0%| F|  |TAMS 0x000000008da00000, 0x000000008da00000| Untracked 
| 219|0x000000008db00000, 0x000000008db00000, 0x000000008dc00000|  0%| F|  |TAMS 0x000000008db00000, 0x000000008db00000| Untracked 
| 220|0x000000008dc00000, 0x000000008dc00000, 0x000000008dd00000|  0%| F|  |TAMS 0x000000008dc00000, 0x000000008dc00000| Untracked 
| 221|0x000000008dd00000, 0x000000008dd00000, 0x000000008de00000|  0%| F|  |TAMS 0x000000008dd00000, 0x000000008dd00000| Untracked 
| 222|0x000000008de00000, 0x000000008de00000, 0x000000008df00000|  0%| F|  |TAMS 0x000000008de00000, 0x000000008de00000| Untracked 
| 223|0x000000008df00000, 0x000000008df00000, 0x000000008e000000|  0%| F|  |TAMS 0x000000008df00000, 0x000000008df00000| Untracked 
| 224|0x000000008e000000, 0x000000008e000000, 0x000000008e100000|  0%| F|  |TAMS 0x000000008e000000, 0x000000008e000000| Untracked 
| 225|0x000000008e100000, 0x000000008e100000, 0x000000008e200000|  0%| F|  |TAMS 0x000000008e100000, 0x000000008e100000| Untracked 
| 226|0x000000008e200000, 0x000000008e200000, 0x000000008e300000|  0%| F|  |TAMS 0x000000008e200000, 0x000000008e200000| Untracked 
| 227|0x000000008e300000, 0x000000008e300000, 0x000000008e400000|  0%| F|  |TAMS 0x000000008e300000, 0x000000008e300000| Untracked 
| 228|0x000000008e400000, 0x000000008e400000, 0x000000008e500000|  0%| F|  |TAMS 0x000000008e400000, 0x000000008e400000| Untracked 
| 229|0x000000008e500000, 0x000000008e500000, 0x000000008e600000|  0%| F|  |TAMS 0x000000008e500000, 0x000000008e500000| Untracked 
| 230|0x000000008e600000, 0x000000008e600000, 0x000000008e700000|  0%| F|  |TAMS 0x000000008e600000, 0x000000008e600000| Untracked 
| 231|0x000000008e700000, 0x000000008e700000, 0x000000008e800000|  0%| F|  |TAMS 0x000000008e700000, 0x000000008e700000| Untracked 
| 232|0x000000008e800000, 0x000000008e800000, 0x000000008e900000|  0%| F|  |TAMS 0x000000008e800000, 0x000000008e800000| Untracked 
| 233|0x000000008e900000, 0x000000008e900000, 0x000000008ea00000|  0%| F|  |TAMS 0x000000008e900000, 0x000000008e900000| Untracked 
| 234|0x000000008ea00000, 0x000000008ea00000, 0x000000008eb00000|  0%| F|  |TAMS 0x000000008ea00000, 0x000000008ea00000| Untracked 
| 235|0x000000008eb00000, 0x000000008eb00000, 0x000000008ec00000|  0%| F|  |TAMS 0x000000008eb00000, 0x000000008eb00000| Untracked 
| 236|0x000000008ec00000, 0x000000008ec00000, 0x000000008ed00000|  0%| F|  |TAMS 0x000000008ec00000, 0x000000008ec00000| Untracked 
| 237|0x000000008ed00000, 0x000000008ed00000, 0x000000008ee00000|  0%| F|  |TAMS 0x000000008ed00000, 0x000000008ed00000| Untracked 
| 238|0x000000008ee00000, 0x000000008ee00000, 0x000000008ef00000|  0%| F|  |TAMS 0x000000008ee00000, 0x000000008ee00000| Untracked 
| 239|0x000000008ef00000, 0x000000008ef00000, 0x000000008f000000|  0%| F|  |TAMS 0x000000008ef00000, 0x000000008ef00000| Untracked 
| 240|0x000000008f000000, 0x000000008f000000, 0x000000008f100000|  0%| F|  |TAMS 0x000000008f000000, 0x000000008f000000| Untracked 
| 241|0x000000008f100000, 0x000000008f100000, 0x000000008f200000|  0%| F|  |TAMS 0x000000008f100000, 0x000000008f100000| Untracked 
| 242|0x000000008f200000, 0x000000008f200000, 0x000000008f300000|  0%| F|  |TAMS 0x000000008f200000, 0x000000008f200000| Untracked 
| 243|0x000000008f300000, 0x000000008f300000, 0x000000008f400000|  0%| F|  |TAMS 0x000000008f300000, 0x000000008f300000| Untracked 
| 244|0x000000008f400000, 0x000000008f400000, 0x000000008f500000|  0%| F|  |TAMS 0x000000008f400000, 0x000000008f400000| Untracked 
| 245|0x000000008f500000, 0x000000008f500000, 0x000000008f600000|  0%| F|  |TAMS 0x000000008f500000, 0x000000008f500000| Untracked 
| 246|0x000000008f600000, 0x000000008f600000, 0x000000008f700000|  0%| F|  |TAMS 0x000000008f600000, 0x000000008f600000| Untracked 
| 247|0x000000008f700000, 0x000000008f700000, 0x000000008f800000|  0%| F|  |TAMS 0x000000008f700000, 0x000000008f700000| Untracked 
| 248|0x000000008f800000, 0x000000008f800000, 0x000000008f900000|  0%| F|  |TAMS 0x000000008f800000, 0x000000008f800000| Untracked 
| 249|0x000000008f900000, 0x000000008f900000, 0x000000008fa00000|  0%| F|  |TAMS 0x000000008f900000, 0x000000008f900000| Untracked 
| 250|0x000000008fa00000, 0x000000008fa00000, 0x000000008fb00000|  0%| F|  |TAMS 0x000000008fa00000, 0x000000008fa00000| Untracked 
| 251|0x000000008fb00000, 0x000000008fb00000, 0x000000008fc00000|  0%| F|  |TAMS 0x000000008fb00000, 0x000000008fb00000| Untracked 
| 252|0x000000008fc00000, 0x000000008fc00000, 0x000000008fd00000|  0%| F|  |TAMS 0x000000008fc00000, 0x000000008fc00000| Untracked 
| 253|0x000000008fd00000, 0x000000008fd00000, 0x000000008fe00000|  0%| F|  |TAMS 0x000000008fd00000, 0x000000008fd00000| Untracked 
| 254|0x000000008fe00000, 0x000000008fe00000, 0x000000008ff00000|  0%| F|  |TAMS 0x000000008fe00000, 0x000000008fe00000| Untracked 
| 255|0x000000008ff00000, 0x000000008ff00000, 0x0000000090000000|  0%| F|  |TAMS 0x000000008ff00000, 0x000000008ff00000| Untracked 
| 256|0x0000000090000000, 0x0000000090000000, 0x0000000090100000|  0%| F|  |TAMS 0x0000000090000000, 0x0000000090000000| Untracked 
| 257|0x0000000090100000, 0x0000000090100000, 0x0000000090200000|  0%| F|  |TAMS 0x0000000090100000, 0x0000000090100000| Untracked 
| 258|0x0000000090200000, 0x0000000090200000, 0x0000000090300000|  0%| F|  |TAMS 0x0000000090200000, 0x0000000090200000| Untracked 
| 259|0x0000000090300000, 0x0000000090300000, 0x0000000090400000|  0%| F|  |TAMS 0x0000000090300000, 0x0000000090300000| Untracked 
| 260|0x0000000090400000, 0x0000000090400000, 0x0000000090500000|  0%| F|  |TAMS 0x0000000090400000, 0x0000000090400000| Untracked 
| 261|0x0000000090500000, 0x0000000090500000, 0x0000000090600000|  0%| F|  |TAMS 0x0000000090500000, 0x0000000090500000| Untracked 
| 262|0x0000000090600000, 0x0000000090600000, 0x0000000090700000|  0%| F|  |TAMS 0x0000000090600000, 0x0000000090600000| Untracked 
| 263|0x0000000090700000, 0x0000000090700000, 0x0000000090800000|  0%| F|  |TAMS 0x0000000090700000, 0x0000000090700000| Untracked 
| 264|0x0000000090800000, 0x0000000090800000, 0x0000000090900000|  0%| F|  |TAMS 0x0000000090800000, 0x0000000090800000| Untracked 
| 265|0x0000000090900000, 0x0000000090900000, 0x0000000090a00000|  0%| F|  |TAMS 0x0000000090900000, 0x0000000090900000| Untracked 
| 266|0x0000000090a00000, 0x0000000090a00000, 0x0000000090b00000|  0%| F|  |TAMS 0x0000000090a00000, 0x0000000090a00000| Untracked 
| 267|0x0000000090b00000, 0x0000000090b00000, 0x0000000090c00000|  0%| F|  |TAMS 0x0000000090b00000, 0x0000000090b00000| Untracked 
| 268|0x0000000090c00000, 0x0000000090c00000, 0x0000000090d00000|  0%| F|  |TAMS 0x0000000090c00000, 0x0000000090c00000| Untracked 
| 269|0x0000000090d00000, 0x0000000090d00000, 0x0000000090e00000|  0%| F|  |TAMS 0x0000000090d00000, 0x0000000090d00000| Untracked 
| 270|0x0000000090e00000, 0x0000000090e00000, 0x0000000090f00000|  0%| F|  |TAMS 0x0000000090e00000, 0x0000000090e00000| Untracked 
| 271|0x0000000090f00000, 0x0000000090f00000, 0x0000000091000000|  0%| F|  |TAMS 0x0000000090f00000, 0x0000000090f00000| Untracked 
| 272|0x0000000091000000, 0x0000000091000000, 0x0000000091100000|  0%| F|  |TAMS 0x0000000091000000, 0x0000000091000000| Untracked 
| 273|0x0000000091100000, 0x0000000091100000, 0x0000000091200000|  0%| F|  |TAMS 0x0000000091100000, 0x0000000091100000| Untracked 
| 274|0x0000000091200000, 0x0000000091200000, 0x0000000091300000|  0%| F|  |TAMS 0x0000000091200000, 0x0000000091200000| Untracked 
| 275|0x0000000091300000, 0x0000000091300000, 0x0000000091400000|  0%| F|  |TAMS 0x0000000091300000, 0x0000000091300000| Untracked 
| 276|0x0000000091400000, 0x0000000091400000, 0x0000000091500000|  0%| F|  |TAMS 0x0000000091400000, 0x0000000091400000| Untracked 
| 277|0x0000000091500000, 0x0000000091500000, 0x0000000091600000|  0%| F|  |TAMS 0x0000000091500000, 0x0000000091500000| Untracked 
| 278|0x0000000091600000, 0x0000000091600000, 0x0000000091700000|  0%| F|  |TAMS 0x0000000091600000, 0x0000000091600000| Untracked 
| 279|0x0000000091700000, 0x0000000091700000, 0x0000000091800000|  0%| F|  |TAMS 0x0000000091700000, 0x0000000091700000| Untracked 
| 280|0x0000000091800000, 0x0000000091800000, 0x0000000091900000|  0%| F|  |TAMS 0x0000000091800000, 0x0000000091800000| Untracked 
| 281|0x0000000091900000, 0x0000000091900000, 0x0000000091a00000|  0%| F|  |TAMS 0x0000000091900000, 0x0000000091900000| Untracked 
| 282|0x0000000091a00000, 0x0000000091a00000, 0x0000000091b00000|  0%| F|  |TAMS 0x0000000091a00000, 0x0000000091a00000| Untracked 
| 283|0x0000000091b00000, 0x0000000091b00000, 0x0000000091c00000|  0%| F|  |TAMS 0x0000000091b00000, 0x0000000091b00000| Untracked 
| 284|0x0000000091c00000, 0x0000000091c00000, 0x0000000091d00000|  0%| F|  |TAMS 0x0000000091c00000, 0x0000000091c00000| Untracked 
| 285|0x0000000091d00000, 0x0000000091d00000, 0x0000000091e00000|  0%| F|  |TAMS 0x0000000091d00000, 0x0000000091d00000| Untracked 
| 286|0x0000000091e00000, 0x0000000091e00000, 0x0000000091f00000|  0%| F|  |TAMS 0x0000000091e00000, 0x0000000091e00000| Untracked 
| 287|0x0000000091f00000, 0x0000000091f00000, 0x0000000092000000|  0%| F|  |TAMS 0x0000000091f00000, 0x0000000091f00000| Untracked 
| 288|0x0000000092000000, 0x0000000092000000, 0x0000000092100000|  0%| F|  |TAMS 0x0000000092000000, 0x0000000092000000| Untracked 
| 289|0x0000000092100000, 0x0000000092100000, 0x0000000092200000|  0%| F|  |TAMS 0x0000000092100000, 0x0000000092100000| Untracked 
| 290|0x0000000092200000, 0x0000000092200000, 0x0000000092300000|  0%| F|  |TAMS 0x0000000092200000, 0x0000000092200000| Untracked 
| 291|0x0000000092300000, 0x0000000092300000, 0x0000000092400000|  0%| F|  |TAMS 0x0000000092300000, 0x0000000092300000| Untracked 
| 292|0x0000000092400000, 0x0000000092400000, 0x0000000092500000|  0%| F|  |TAMS 0x0000000092400000, 0x0000000092400000| Untracked 
| 293|0x0000000092500000, 0x0000000092500000, 0x0000000092600000|  0%| F|  |TAMS 0x0000000092500000, 0x0000000092500000| Untracked 
| 294|0x0000000092600000, 0x0000000092600000, 0x0000000092700000|  0%| F|  |TAMS 0x0000000092600000, 0x0000000092600000| Untracked 
| 295|0x0000000092700000, 0x0000000092700000, 0x0000000092800000|  0%| F|  |TAMS 0x0000000092700000, 0x0000000092700000| Untracked 
| 296|0x0000000092800000, 0x0000000092800000, 0x0000000092900000|  0%| F|  |TAMS 0x0000000092800000, 0x0000000092800000| Untracked 
| 297|0x0000000092900000, 0x0000000092900000, 0x0000000092a00000|  0%| F|  |TAMS 0x0000000092900000, 0x0000000092900000| Untracked 
| 298|0x0000000092a00000, 0x0000000092a00000, 0x0000000092b00000|  0%| F|  |TAMS 0x0000000092a00000, 0x0000000092a00000| Untracked 
| 299|0x0000000092b00000, 0x0000000092b00000, 0x0000000092c00000|  0%| F|  |TAMS 0x0000000092b00000, 0x0000000092b00000| Untracked 
| 300|0x0000000092c00000, 0x0000000092c00000, 0x0000000092d00000|  0%| F|  |TAMS 0x0000000092c00000, 0x0000000092c00000| Untracked 
| 301|0x0000000092d00000, 0x0000000092d00000, 0x0000000092e00000|  0%| F|  |TAMS 0x0000000092d00000, 0x0000000092d00000| Untracked 
| 302|0x0000000092e00000, 0x0000000092e00000, 0x0000000092f00000|  0%| F|  |TAMS 0x0000000092e00000, 0x0000000092e00000| Untracked 
| 303|0x0000000092f00000, 0x0000000092f00000, 0x0000000093000000|  0%| F|  |TAMS 0x0000000092f00000, 0x0000000092f00000| Untracked 
| 304|0x0000000093000000, 0x0000000093000000, 0x0000000093100000|  0%| F|  |TAMS 0x0000000093000000, 0x0000000093000000| Untracked 
| 305|0x0000000093100000, 0x0000000093100000, 0x0000000093200000|  0%| F|  |TAMS 0x0000000093100000, 0x0000000093100000| Untracked 
| 306|0x0000000093200000, 0x0000000093200000, 0x0000000093300000|  0%| F|  |TAMS 0x0000000093200000, 0x0000000093200000| Untracked 
| 307|0x0000000093300000, 0x0000000093300000, 0x0000000093400000|  0%| F|  |TAMS 0x0000000093300000, 0x0000000093300000| Untracked 
| 308|0x0000000093400000, 0x0000000093400000, 0x0000000093500000|  0%| F|  |TAMS 0x0000000093400000, 0x0000000093400000| Untracked 
| 309|0x0000000093500000, 0x0000000093500000, 0x0000000093600000|  0%| F|  |TAMS 0x0000000093500000, 0x0000000093500000| Untracked 
| 310|0x0000000093600000, 0x0000000093600000, 0x0000000093700000|  0%| F|  |TAMS 0x0000000093600000, 0x0000000093600000| Untracked 
| 311|0x0000000093700000, 0x0000000093700000, 0x0000000093800000|  0%| F|  |TAMS 0x0000000093700000, 0x0000000093700000| Untracked 
| 312|0x0000000093800000, 0x0000000093800000, 0x0000000093900000|  0%| F|  |TAMS 0x0000000093800000, 0x0000000093800000| Untracked 
| 313|0x0000000093900000, 0x00000000939f9eb0, 0x0000000093a00000| 97%| E|  |TAMS 0x0000000093900000, 0x0000000093900000| Complete 
| 314|0x0000000093a00000, 0x0000000093b00000, 0x0000000093b00000|100%| E|CS|TAMS 0x0000000093a00000, 0x0000000093a00000| Complete 
| 315|0x0000000093b00000, 0x0000000093c00000, 0x0000000093c00000|100%| E|CS|TAMS 0x0000000093b00000, 0x0000000093b00000| Complete 
| 316|0x0000000093c00000, 0x0000000093d00000, 0x0000000093d00000|100%| E|CS|TAMS 0x0000000093c00000, 0x0000000093c00000| Complete 
| 317|0x0000000093d00000, 0x0000000093e00000, 0x0000000093e00000|100%| E|CS|TAMS 0x0000000093d00000, 0x0000000093d00000| Complete 
| 318|0x0000000093e00000, 0x0000000093f00000, 0x0000000093f00000|100%| E|CS|TAMS 0x0000000093e00000, 0x0000000093e00000| Complete 
| 319|0x0000000093f00000, 0x0000000094000000, 0x0000000094000000|100%| E|CS|TAMS 0x0000000093f00000, 0x0000000093f00000| Complete 
| 320|0x0000000094000000, 0x0000000094100000, 0x0000000094100000|100%| E|CS|TAMS 0x0000000094000000, 0x0000000094000000| Complete 

Card table byte_map: [0x000001fd78600000,0x000001fd78a00000] _byte_map_base: 0x000001fd78200000

Marking Bits (Prev, Next): (CMBitMap*) 0x000001fd7474dff0, (CMBitMap*) 0x000001fd7474dfb8
 Prev Bits: [0x000001fd7ae00000, 0x000001fd7ce00000)
 Next Bits: [0x000001fd78e00000, 0x000001fd7ae00000)

Polling page: 0x000001fd72560000

Metaspace:

Usage:
  Non-class:     97.48 MB capacity,    95.35 MB ( 98%) used,     1.76 MB (  2%) free+waste,   369.88 KB ( <1%) overhead. 
      Class:     15.10 MB capacity,    13.89 MB ( 92%) used,     1.05 MB (  7%) free+waste,   169.88 KB (  1%) overhead. 
       Both:    112.58 MB capacity,   109.24 MB ( 97%) used,     2.81 MB (  2%) free+waste,   539.75 KB ( <1%) overhead. 

Virtual space:
  Non-class space:       98.00 MB reserved,      97.60 MB (>99%) committed 
      Class space:        1.00 GB reserved,      15.20 MB (  1%) committed 
             Both:        1.10 GB reserved,     112.80 MB ( 10%) committed 

Chunk freelists:
   Non-Class:  58.00 KB
       Class:  0 bytes
        Both:  58.00 KB

MaxMetaspaceSize: 17179869184.00 GB
CompressedClassSpaceSize: 1.00 GB

CodeHeap 'non-profiled nmethods': size=120064Kb used=9286Kb max_used=9984Kb free=110777Kb
 bounds [0x000001fd07ac0000, 0x000001fd08490000, 0x000001fd0f000000]
CodeHeap 'profiled nmethods': size=120000Kb used=32554Kb max_used=34577Kb free=87445Kb
 bounds [0x000001fd00590000, 0x000001fd02760000, 0x000001fd07ac0000]
CodeHeap 'non-nmethods': size=5696Kb used=2332Kb max_used=2368Kb free=3363Kb
 bounds [0x000001fd00000000, 0x000001fd00270000, 0x000001fd00590000]
 total_blobs=15891 nmethods=14945 adapters=856
 compilation: enabled
              stopped_count=0, restarted_count=0
 full_count=0

Compilation events (20 events):
Event: 270.573 Thread 0x000001fd7fb97800 16006       2       com.android.build.gradle.internal.dependency.VariantDependencies$Companion$getComponentFilter$4::isSatisfiedBy (9 bytes)
Event: 270.573 Thread 0x000001fd7fb97800 nmethod 16006 0x000001fd005a5090 code [0x000001fd005a5240, 0x000001fd005a5458]
Event: 270.574 Thread 0x000001fd7fb97800 16007       2       java.lang.invoke.LambdaForm$MH/0x0000000100b92440::linkToTargetMethod (15 bytes)
Event: 270.575 Thread 0x000001fd7fb97800 nmethod 16007 0x000001fd005a8690 code [0x000001fd005a8860, 0x000001fd005a89b8]
Event: 270.576 Thread 0x000001fd7fb97800 16008       1       org.gradle.api.internal.tasks.properties.DefaultTaskProperties::getLocalStateFiles (5 bytes)
Event: 270.577 Thread 0x000001fd7fb97800 nmethod 16008 0x000001fd07ae9090 code [0x000001fd07ae9240, 0x000001fd07ae92f8]
Event: 270.577 Thread 0x000001fd7fb97800 16009       1       org.gradle.api.internal.tasks.properties.DefaultTaskProperties::getDestroyableFiles (5 bytes)
Event: 270.577 Thread 0x000001fd7fb97800 nmethod 16009 0x000001fd07ae8d90 code [0x000001fd07ae8f40, 0x000001fd07ae8ff8]
Event: 270.580 Thread 0x000001fd7fb97800 16010       2       org.gradle.api.internal.artifacts.transform.MutableConsumerVariantMatchResult::asImmutable (65 bytes)
Event: 270.581 Thread 0x000001fd7fb97800 nmethod 16010 0x000001fd005a7f10 code [0x000001fd005a8100, 0x000001fd005a84f8]
Event: 270.582 Thread 0x000001fd7fb97800 16011       2       com.android.build.gradle.internal.dependency.VariantDependencies$Companion$getComponentFilter$3::isSatisfiedBy (9 bytes)
Event: 270.582 Thread 0x000001fd7fb97800 nmethod 16011 0x000001fd005abc10 code [0x000001fd005abdc0, 0x000001fd005abf58]
Event: 270.582 Thread 0x000001fd7fb97800 16012       2       com.android.build.gradle.internal.dependency.VariantDependencies$Companion$getComponentFilter$3::isSatisfiedBy (5 bytes)
Event: 270.582 Thread 0x000001fd7fb97800 nmethod 16012 0x000001fd005aaa10 code [0x000001fd005aabc0, 0x000001fd005aad18]
Event: 270.587 Thread 0x000001fd7fb94800 nmethod 15979 0x000001fd07b14e10 code [0x000001fd07b15200, 0x000001fd07b18010]
Event: 270.587 Thread 0x000001fd7fb94800 16003       4       java.util.AbstractCollection::toArray (144 bytes)
Event: 270.597 Thread 0x000001fd7fb94800 nmethod 16003 0x000001fd07ae8490 code [0x000001fd07ae8660, 0x000001fd07ae8a98]
Event: 270.597 Thread 0x000001fd7fb94800 15980       4       org.gradle.api.internal.attributes.DefaultImmutableAttributesFactory::concat (126 bytes)
Event: 270.605 Thread 0x000001fd7fb97800 16014       2       java.lang.invoke.LambdaForm$DMH/0x0000000100b92c40::invokeStatic (22 bytes)
Event: 270.606 Thread 0x000001fd7fb97800 nmethod 16014 0x000001fd005ab710 code [0x000001fd005ab8e0, 0x000001fd005aba38]

GC Heap History (20 events):
Event: 41.917 GC heap before
{Heap before GC invocations=41 (full 0):
 garbage-first heap   total 273408K, used 165352K [0x0000000080000000, 0x0000000100000000)
  region size 1024K, 102 young (104448K), 10 survivors (10240K)
 Metaspace       used 57977K, capacity 59704K, committed 59816K, reserved 1101824K
  class space    used 7331K, capacity 7923K, committed 7936K, reserved 1048576K
}
Event: 41.946 GC heap after
{Heap after GC invocations=42 (full 0):
 garbage-first heap   total 273408K, used 80598K [0x0000000080000000, 0x0000000100000000)
  region size 1024K, 17 young (17408K), 17 survivors (17408K)
 Metaspace       used 57977K, capacity 59704K, committed 59816K, reserved 1101824K
  class space    used 7331K, capacity 7923K, committed 7936K, reserved 1048576K
}
Event: 44.391 GC heap before
{Heap before GC invocations=43 (full 0):
 garbage-first heap   total 273408K, used 217814K [0x0000000080000000, 0x0000000100000000)
  region size 1024K, 154 young (157696K), 17 survivors (17408K)
 Metaspace       used 69187K, capacity 71075K, committed 71336K, reserved 1112064K
  class space    used 8825K, capacity 9459K, committed 9472K, reserved 1048576K
}
Event: 44.426 GC heap after
{Heap after GC invocations=44 (full 0):
 garbage-first heap   total 273408K, used 87998K [0x0000000080000000, 0x0000000100000000)
  region size 1024K, 19 young (19456K), 19 survivors (19456K)
 Metaspace       used 69187K, capacity 71075K, committed 71336K, reserved 1112064K
  class space    used 8825K, capacity 9459K, committed 9472K, reserved 1048576K
}
Event: 47.337 GC heap before
{Heap before GC invocations=44 (full 0):
 garbage-first heap   total 273408K, used 232382K [0x0000000080000000, 0x0000000100000000)
  region size 1024K, 150 young (153600K), 19 survivors (19456K)
 Metaspace       used 78975K, capacity 81058K, committed 81192K, reserved 1120256K
  class space    used 10147K, capacity 10853K, committed 10880K, reserved 1048576K
}
Event: 47.373 GC heap after
{Heap after GC invocations=45 (full 0):
 garbage-first heap   total 273408K, used 106997K [0x0000000080000000, 0x0000000100000000)
  region size 1024K, 11 young (11264K), 11 survivors (11264K)
 Metaspace       used 78975K, capacity 81058K, committed 81192K, reserved 1120256K
  class space    used 10147K, capacity 10853K, committed 10880K, reserved 1048576K
}
Event: 50.733 GC heap before
{Heap before GC invocations=45 (full 0):
 garbage-first heap   total 273408K, used 222709K [0x0000000080000000, 0x0000000100000000)
  region size 1024K, 125 young (128000K), 11 survivors (11264K)
 Metaspace       used 88374K, capacity 90773K, committed 91048K, reserved 1128448K
  class space    used 11387K, capacity 12227K, committed 12288K, reserved 1048576K
}
Event: 50.764 GC heap after
{Heap after GC invocations=46 (full 0):
 garbage-first heap   total 328704K, used 115698K [0x0000000080000000, 0x0000000100000000)
  region size 1024K, 8 young (8192K), 8 survivors (8192K)
 Metaspace       used 88374K, capacity 90773K, committed 91048K, reserved 1128448K
  class space    used 11387K, capacity 12227K, committed 12288K, reserved 1048576K
}
Event: 54.930 GC heap before
{Heap before GC invocations=46 (full 0):
 garbage-first heap   total 328704K, used 264178K [0x0000000080000000, 0x0000000100000000)
  region size 1024K, 152 young (155648K), 8 survivors (8192K)
 Metaspace       used 90896K, capacity 93398K, committed 93608K, reserved 1130496K
  class space    used 11603K, capacity 12471K, committed 12544K, reserved 1048576K
}
Event: 54.964 GC heap after
{Heap after GC invocations=47 (full 0):
 garbage-first heap   total 328704K, used 124928K [0x0000000080000000, 0x0000000100000000)
  region size 1024K, 15 young (15360K), 15 survivors (15360K)
 Metaspace       used 90896K, capacity 93398K, committed 93608K, reserved 1130496K
  class space    used 11603K, capacity 12471K, committed 12544K, reserved 1048576K
}
Event: 56.744 GC heap before
{Heap before GC invocations=47 (full 0):
 garbage-first heap   total 328704K, used 267264K [0x0000000080000000, 0x0000000100000000)
  region size 1024K, 154 young (157696K), 15 survivors (15360K)
 Metaspace       used 90904K, capacity 93398K, committed 93608K, reserved 1130496K
  class space    used 11603K, capacity 12471K, committed 12544K, reserved 1048576K
}
Event: 56.769 GC heap after
{Heap after GC invocations=48 (full 0):
 garbage-first heap   total 328704K, used 125664K [0x0000000080000000, 0x0000000100000000)
  region size 1024K, 9 young (9216K), 9 survivors (9216K)
 Metaspace       used 90904K, capacity 93398K, committed 93608K, reserved 1130496K
  class space    used 11603K, capacity 12471K, committed 12544K, reserved 1048576K
}
Event: 59.974 GC heap before
{Heap before GC invocations=48 (full 0):
 garbage-first heap   total 328704K, used 260832K [0x0000000080000000, 0x0000000100000000)
  region size 1024K, 142 young (145408K), 9 survivors (9216K)
 Metaspace       used 97154K, capacity 99934K, committed 100008K, reserved 1136640K
  class space    used 12462K, capacity 13500K, committed 13568K, reserved 1048576K
}
Event: 59.992 GC heap after
{Heap after GC invocations=49 (full 0):
 garbage-first heap   total 328704K, used 124011K [0x0000000080000000, 0x0000000100000000)
  region size 1024K, 9 young (9216K), 9 survivors (9216K)
 Metaspace       used 97154K, capacity 99934K, committed 100008K, reserved 1136640K
  class space    used 12462K, capacity 13500K, committed 13568K, reserved 1048576K
}
Event: 249.394 GC heap before
{Heap before GC invocations=50 (full 0):
 garbage-first heap   total 328704K, used 268395K [0x0000000080000000, 0x0000000100000000)
  region size 1024K, 153 young (156672K), 9 survivors (9216K)
 Metaspace       used 100686K, capacity 103782K, committed 103984K, reserved 1138688K
  class space    used 12887K, capacity 13979K, committed 14028K, reserved 1048576K
}
Event: 249.438 GC heap after
{Heap after GC invocations=51 (full 0):
 garbage-first heap   total 328704K, used 133344K [0x0000000080000000, 0x0000000100000000)
  region size 1024K, 20 young (20480K), 20 survivors (20480K)
 Metaspace       used 100686K, capacity 103782K, committed 103984K, reserved 1138688K
  class space    used 12887K, capacity 13979K, committed 14028K, reserved 1048576K
}
Event: 253.039 GC heap before
{Heap before GC invocations=52 (full 0):
 garbage-first heap   total 328704K, used 269536K [0x0000000080000000, 0x0000000100000000)
  region size 1024K, 154 young (157696K), 20 survivors (20480K)
 Metaspace       used 108564K, capacity 111853K, committed 111920K, reserved 1146880K
  class space    used 13856K, capacity 14998K, committed 15052K, reserved 1048576K
}
Event: 253.089 GC heap after
{Heap after GC invocations=53 (full 0):
 garbage-first heap   total 328704K, used 141715K [0x0000000080000000, 0x0000000100000000)
  region size 1024K, 9 young (9216K), 9 survivors (9216K)
 Metaspace       used 108564K, capacity 111853K, committed 111920K, reserved 1146880K
  class space    used 13856K, capacity 14998K, committed 15052K, reserved 1048576K
}
Event: 270.432 GC heap before
{Heap before GC invocations=53 (full 0):
 garbage-first heap   total 328704K, used 272787K [0x0000000080000000, 0x0000000100000000)
  region size 1024K, 136 young (139264K), 9 survivors (9216K)
 Metaspace       used 111780K, capacity 115204K, committed 115504K, reserved 1148928K
  class space    used 14211K, capacity 15458K, committed 15564K, reserved 1048576K
}
Event: 270.466 GC heap after
{Heap after GC invocations=54 (full 0):
 garbage-first heap   total 328704K, used 151955K [0x0000000080000000, 0x0000000100000000)
  region size 1024K, 17 young (17408K), 17 survivors (17408K)
 Metaspace       used 111780K, capacity 115204K, committed 115504K, reserved 1148928K
  class space    used 14211K, capacity 15458K, committed 15564K, reserved 1048576K
}

Deoptimization events (20 events):
Event: 270.582 Thread 0x000001fd12b89000 Uncommon trap: trap_request=0xffffffbe fr.pc=0x000001fd08425adc relative=0x000000000000031c
Event: 270.582 Thread 0x000001fd12b89000 Uncommon trap: reason=profile_predicate action=maybe_recompile pc=0x000001fd08425adc method=java.util.AbstractCollection.toArray([Ljava/lang/Object;)[Ljava/lang/Object; @ 39 c2
Event: 270.582 Thread 0x000001fd12b89000 DEOPT PACKING pc=0x000001fd08425adc sp=0x000000898bdfafb0
Event: 270.582 Thread 0x000001fd12b89000 DEOPT UNPACKING pc=0x000001fd0002662f sp=0x000000898bdfaf68 mode 2
Event: 270.604 Thread 0x000001fd12b89000 Uncommon trap: trap_request=0xffffffd6 fr.pc=0x000001fd07ae89b0 relative=0x0000000000000350
Event: 270.604 Thread 0x000001fd12b89000 Uncommon trap: reason=array_check action=maybe_recompile pc=0x000001fd07ae89b0 method=java.util.AbstractCollection.toArray([Ljava/lang/Object;)[Ljava/lang/Object; @ 116 c2
Event: 270.604 Thread 0x000001fd12b89000 DEOPT PACKING pc=0x000001fd07ae89b0 sp=0x000000898bdfb710
Event: 270.604 Thread 0x000001fd12b89000 DEOPT UNPACKING pc=0x000001fd0002662f sp=0x000000898bdfb6b0 mode 2
Event: 270.604 Thread 0x000001fd12b89000 Uncommon trap: trap_request=0xffffffd6 fr.pc=0x000001fd07ae89b0 relative=0x0000000000000350
Event: 270.604 Thread 0x000001fd12b89000 Uncommon trap: reason=array_check action=maybe_recompile pc=0x000001fd07ae89b0 method=java.util.AbstractCollection.toArray([Ljava/lang/Object;)[Ljava/lang/Object; @ 116 c2
Event: 270.604 Thread 0x000001fd12b89000 DEOPT PACKING pc=0x000001fd07ae89b0 sp=0x000000898bdfb710
Event: 270.604 Thread 0x000001fd12b89000 DEOPT UNPACKING pc=0x000001fd0002662f sp=0x000000898bdfb6b0 mode 2
Event: 270.604 Thread 0x000001fd12b89000 Uncommon trap: trap_request=0xffffffd6 fr.pc=0x000001fd07ae89b0 relative=0x0000000000000350
Event: 270.604 Thread 0x000001fd12b89000 Uncommon trap: reason=array_check action=maybe_recompile pc=0x000001fd07ae89b0 method=java.util.AbstractCollection.toArray([Ljava/lang/Object;)[Ljava/lang/Object; @ 116 c2
Event: 270.604 Thread 0x000001fd12b89000 DEOPT PACKING pc=0x000001fd07ae89b0 sp=0x000000898bdfb710
Event: 270.604 Thread 0x000001fd12b89000 DEOPT UNPACKING pc=0x000001fd0002662f sp=0x000000898bdfb6b0 mode 2
Event: 270.604 Thread 0x000001fd12b89000 Uncommon trap: trap_request=0xffffffd6 fr.pc=0x000001fd07ae89b0 relative=0x0000000000000350
Event: 270.604 Thread 0x000001fd12b89000 Uncommon trap: reason=array_check action=maybe_recompile pc=0x000001fd07ae89b0 method=java.util.AbstractCollection.toArray([Ljava/lang/Object;)[Ljava/lang/Object; @ 116 c2
Event: 270.604 Thread 0x000001fd12b89000 DEOPT PACKING pc=0x000001fd07ae89b0 sp=0x000000898bdfb710
Event: 270.604 Thread 0x000001fd12b89000 DEOPT UNPACKING pc=0x000001fd0002662f sp=0x000000898bdfb6b0 mode 2

Classes redefined (0 events):
No events

Internal exceptions (20 events):
Event: 263.200 Thread 0x000001fd15e7c800 Exception <a 'sun/nio/fs/WindowsException'{0x0000000090a53d70}> (0x0000000090a53d70) thrown at [./src/hotspot/share/prims/jni.cpp, line 615]
Event: 263.200 Thread 0x000001fd15e7c800 Exception <a 'sun/nio/fs/WindowsException'{0x0000000090a55138}> (0x0000000090a55138) thrown at [./src/hotspot/share/prims/jni.cpp, line 615]
Event: 263.201 Thread 0x000001fd15e7c800 Exception <a 'sun/nio/fs/WindowsException'{0x0000000090a56500}> (0x0000000090a56500) thrown at [./src/hotspot/share/prims/jni.cpp, line 615]
Event: 264.071 Thread 0x000001fd12b89000 Exception <a 'sun/nio/fs/WindowsException'{0x000000008f177138}> (0x000000008f177138) thrown at [./src/hotspot/share/prims/jni.cpp, line 615]
Event: 264.071 Thread 0x000001fd12b89000 Exception <a 'sun/nio/fs/WindowsException'{0x000000008f177240}> (0x000000008f177240) thrown at [./src/hotspot/share/prims/jni.cpp, line 615]
Event: 269.608 Thread 0x000001fd12b89000 Exception <a 'sun/nio/fs/WindowsException'{0x000000008cdedd60}> (0x000000008cdedd60) thrown at [./src/hotspot/share/prims/jni.cpp, line 615]
Event: 269.609 Thread 0x000001fd12b89000 Exception <a 'sun/nio/fs/WindowsException'{0x000000008cdee628}> (0x000000008cdee628) thrown at [./src/hotspot/share/prims/jni.cpp, line 615]
Event: 269.609 Thread 0x000001fd12b89000 Exception <a 'sun/nio/fs/WindowsException'{0x000000008cdef850}> (0x000000008cdef850) thrown at [./src/hotspot/share/prims/jni.cpp, line 615]
Event: 269.609 Thread 0x000001fd12b89000 Exception <a 'sun/nio/fs/WindowsException'{0x000000008cdf0a10}> (0x000000008cdf0a10) thrown at [./src/hotspot/share/prims/jni.cpp, line 615]
Event: 269.610 Thread 0x000001fd12b89000 Exception <a 'sun/nio/fs/WindowsException'{0x000000008cdf1c08}> (0x000000008cdf1c08) thrown at [./src/hotspot/share/prims/jni.cpp, line 615]
Event: 269.610 Thread 0x000001fd12b89000 Exception <a 'sun/nio/fs/WindowsException'{0x000000008cdf1d50}> (0x000000008cdf1d50) thrown at [./src/hotspot/share/prims/jni.cpp, line 615]
Event: 269.610 Thread 0x000001fd12b89000 Exception <a 'sun/nio/fs/WindowsException'{0x000000008cdf41a0}> (0x000000008cdf41a0) thrown at [./src/hotspot/share/prims/jni.cpp, line 615]
Event: 269.610 Thread 0x000001fd12b89000 Exception <a 'sun/nio/fs/WindowsException'{0x000000008cdf42e0}> (0x000000008cdf42e0) thrown at [./src/hotspot/share/prims/jni.cpp, line 615]
Event: 269.610 Thread 0x000001fd12b89000 Exception <a 'sun/nio/fs/WindowsException'{0x000000008cdf64e0}> (0x000000008cdf64e0) thrown at [./src/hotspot/share/prims/jni.cpp, line 615]
Event: 269.770 Thread 0x000001fd12b89000 Exception <a 'sun/nio/fs/WindowsException'{0x000000008cacc2a8}> (0x000000008cacc2a8) thrown at [./src/hotspot/share/prims/jni.cpp, line 615]
Event: 269.785 Thread 0x000001fd12b89000 Exception <a 'sun/nio/fs/WindowsException'{0x000000008cad4a08}> (0x000000008cad4a08) thrown at [./src/hotspot/share/prims/jni.cpp, line 615]
Event: 269.796 Thread 0x000001fd12b89000 Exception <a 'sun/nio/fs/WindowsException'{0x000000008cadbcc8}> (0x000000008cadbcc8) thrown at [./src/hotspot/share/prims/jni.cpp, line 615]
Event: 269.940 Thread 0x000001fd12b89000 Exception <a 'sun/nio/fs/WindowsException'{0x000000008c976a50}> (0x000000008c976a50) thrown at [./src/hotspot/share/prims/jni.cpp, line 615]
Event: 269.984 Thread 0x000001fd12b89000 Exception <a 'sun/nio/fs/WindowsException'{0x000000008c988ce0}> (0x000000008c988ce0) thrown at [./src/hotspot/share/prims/jni.cpp, line 615]
Event: 270.331 Thread 0x000001fd14e28800 Exception <a 'java/lang/NoSuchMethodError'{0x000000008c3da9d0}: <clinit>> (0x000000008c3da9d0) thrown at [./src/hotspot/share/prims/jni.cpp, line 1362]

Events (20 events):
Event: 270.247 loading class org/gradle/api/internal/tasks/compile/incremental/serialization/HierarchicalNameSerializer
Event: 270.247 loading class org/gradle/api/internal/tasks/compile/incremental/serialization/HierarchicalNameSerializer done
Event: 270.248 loading class com/google/common/collect/HashBiMap$Inverse
Event: 270.248 loading class com/google/common/collect/HashBiMap$Inverse done
Event: 270.258 loading class it/unimi/dsi/fastutil/ints/IntOpenHashSet$SetIterator
Event: 270.258 loading class it/unimi/dsi/fastutil/ints/IntOpenHashSet$SetIterator done
Event: 270.259 Executing VM operation: RevokeBias
Event: 270.259 Executing VM operation: RevokeBias done
Event: 270.259 Executing VM operation: RevokeBias
Event: 270.259 Executing VM operation: RevokeBias done
Event: 270.310 loading class org/gradle/api/internal/tasks/compile/CompileJavaBuildOperationReportingCompiler$Result
Event: 270.310 loading class org/gradle/api/internal/tasks/compile/CompileJavaBuildOperationReportingCompiler$Result done
Event: 270.313 loading class org/gradle/api/internal/tasks/execution/ExecuteActionsTaskExecuter$TaskExecution$1
Event: 270.313 loading class org/gradle/api/internal/tasks/execution/ExecuteActionsTaskExecuter$TaskExecution$1 done
Event: 270.323 loading class org/gradle/tooling/events/task/internal/java/DefaultJavaCompileTaskSuccessResult
Event: 270.323 loading class org/gradle/tooling/events/task/internal/java/DefaultJavaCompileTaskSuccessResult done
Event: 270.324 loading class org/gradle/tooling/events/task/java/JavaCompileTaskOperationResult
Event: 270.324 loading class org/gradle/tooling/events/task/java/JavaCompileTaskOperationResult done
Event: 270.432 Executing VM operation: G1CollectForAllocation
Event: 270.466 Executing VM operation: G1CollectForAllocation done


Dynamic libraries:
0x00007ff729be0000 - 0x00007ff729bea000 	C:\Program Files\Android\Android Studio\jre\bin\java.exe
0x00007ffd14ff0000 - 0x00007ffd151d0000 	C:\Windows\SYSTEM32\ntdll.dll
0x00007ffd14a40000 - 0x00007ffd14aee000 	C:\Windows\System32\KERNEL32.DLL
0x00007ffd12250000 - 0x00007ffd124b6000 	C:\Windows\System32\KERNELBASE.dll
0x00007ffd11f00000 - 0x00007ffd11ff5000 	C:\Windows\System32\ucrtbase.dll
0x00007ffd01fb0000 - 0x00007ffd01fc7000 	C:\Program Files\Android\Android Studio\jre\bin\VCRUNTIME140.dll
0x00007ffcfdec0000 - 0x00007ffcfded9000 	C:\Program Files\Android\Android Studio\jre\bin\jli.dll
0x00007ffd139e0000 - 0x00007ffd13b6f000 	C:\Windows\System32\USER32.dll
0x00007ffd09ed0000 - 0x00007ffd0a139000 	C:\Windows\WinSxS\amd64_microsoft.windows.common-controls_6595b64144ccf1df_6.0.16299.785_none_15cbda149361fcd9\COMCTL32.dll
0x00007ffd11d40000 - 0x00007ffd11d60000 	C:\Windows\System32\win32u.dll
0x00007ffd13f80000 - 0x00007ffd13fa8000 	C:\Windows\System32\GDI32.dll
0x00007ffd11d60000 - 0x00007ffd11ef3000 	C:\Windows\System32\gdi32full.dll
0x00007ffd11ca0000 - 0x00007ffd11d3b000 	C:\Windows\System32\msvcp_win.dll
0x00007ffd140b0000 - 0x00007ffd1414d000 	C:\Windows\System32\msvcrt.dll
0x00007ffd13c40000 - 0x00007ffd13f46000 	C:\Windows\System32\combase.dll
0x00007ffd14760000 - 0x00007ffd1487f000 	C:\Windows\System32\RPCRT4.dll
0x00007ffd121d0000 - 0x00007ffd12242000 	C:\Windows\System32\bcryptPrimitives.dll
0x00007ffd13f50000 - 0x00007ffd13f7d000 	C:\Windows\System32\IMM32.DLL
0x00007ffcf6280000 - 0x00007ffcf631d000 	C:\Program Files\Android\Android Studio\jre\bin\msvcp140.dll
0x00007ffce74c0000 - 0x00007ffce7f95000 	C:\Program Files\Android\Android Studio\jre\bin\server\jvm.dll
0x00007ffd13b70000 - 0x00007ffd13c11000 	C:\Windows\System32\ADVAPI32.dll
0x00007ffd141b0000 - 0x00007ffd1420b000 	C:\Windows\System32\sechost.dll
0x00007ffd139d0000 - 0x00007ffd139d8000 	C:\Windows\System32\PSAPI.DLL
0x00007ffd0f5d0000 - 0x00007ffd0f5f3000 	C:\Windows\SYSTEM32\WINMM.dll
0x00007ffd0e350000 - 0x00007ffd0e359000 	C:\Windows\SYSTEM32\WSOCK32.dll
0x00007ffd0c5d0000 - 0x00007ffd0c5da000 	C:\Windows\SYSTEM32\VERSION.dll
0x00007ffd0f2d0000 - 0x00007ffd0f2fa000 	C:\Windows\SYSTEM32\winmmbase.dll
0x00007ffd11b40000 - 0x00007ffd11b8a000 	C:\Windows\System32\cfgmgr32.dll
0x00007ffd14220000 - 0x00007ffd1428c000 	C:\Windows\System32\WS2_32.dll
0x00007ffd113b0000 - 0x00007ffd113c1000 	C:\Windows\System32\kernel.appcore.dll
0x00007ffd0b950000 - 0x00007ffd0b961000 	C:\Program Files\Android\Android Studio\jre\bin\verify.dll
0x00007ffce9ac0000 - 0x00007ffce9c88000 	C:\Windows\SYSTEM32\DBGHELP.DLL
0x00007ffd0d100000 - 0x00007ffd0d129000 	C:\Windows\SYSTEM32\dbgcore.DLL
0x00007ffd07340000 - 0x00007ffd07369000 	C:\Program Files\Android\Android Studio\jre\bin\java.dll
0x00007ffd0d230000 - 0x00007ffd0d23b000 	C:\Program Files\Android\Android Studio\jre\bin\jimage.dll
0x00007ffd087d0000 - 0x00007ffd087e8000 	C:\Program Files\Android\Android Studio\jre\bin\zip.dll
0x00007ffd12590000 - 0x00007ffd139c8000 	C:\Windows\System32\SHELL32.dll
0x00007ffd14880000 - 0x00007ffd14926000 	C:\Windows\System32\shcore.dll
0x00007ffd113f0000 - 0x00007ffd11b37000 	C:\Windows\System32\windows.storage.dll
0x00007ffd13fb0000 - 0x00007ffd14001000 	C:\Windows\System32\shlwapi.dll
0x00007ffd11340000 - 0x00007ffd1138c000 	C:\Windows\System32\powrprof.dll
0x00007ffd113d0000 - 0x00007ffd113eb000 	C:\Windows\System32\profapi.dll
0x00007ffd06a00000 - 0x00007ffd06a1a000 	C:\Program Files\Android\Android Studio\jre\bin\net.dll
0x00007ffd0bb00000 - 0x00007ffd0bbde000 	C:\Windows\SYSTEM32\WINHTTP.dll
0x00007ffd10bd0000 - 0x00007ffd10c36000 	C:\Windows\system32\mswsock.dll
0x00007ffd062b0000 - 0x00007ffd062c4000 	C:\Program Files\Android\Android Studio\jre\bin\nio.dll
0x00007ffcfda50000 - 0x00007ffcfda77000 	C:\Users\Admin\.gradle\native\e1d6ef7f7dcc3fd88c89a11ec53ec762bb8ba0a96d01ffa2cd45eb1d1d8dd5c5\windows-amd64\native-platform.dll
0x00007ffced8e0000 - 0x00007ffceda24000 	C:\Users\Admin\.gradle\native\5664cfc778a61ccfe75a443a1ab52a65af34e5dc3c78e0209fed803814484fcb\windows-amd64\native-platform-file-events.dll
0x00007ffd0cf10000 - 0x00007ffd0cf1a000 	C:\Program Files\Android\Android Studio\jre\bin\management.dll
0x00007ffd0cb30000 - 0x00007ffd0cb3d000 	C:\Program Files\Android\Android Studio\jre\bin\management_ext.dll
0x00007ffd10d90000 - 0x00007ffd10da7000 	C:\Windows\SYSTEM32\CRYPTSP.dll
0x00007ffd107d0000 - 0x00007ffd10803000 	C:\Windows\system32\rsaenh.dll
0x00007ffd10ea0000 - 0x00007ffd10ec5000 	C:\Windows\SYSTEM32\bcrypt.dll
0x00007ffd11240000 - 0x00007ffd11269000 	C:\Windows\SYSTEM32\USERENV.dll
0x00007ffd10db0000 - 0x00007ffd10dbb000 	C:\Windows\SYSTEM32\CRYPTBASE.dll
0x00007ffd10960000 - 0x00007ffd10999000 	C:\Windows\SYSTEM32\IPHLPAPI.DLL
0x00007ffd14210000 - 0x00007ffd14218000 	C:\Windows\System32\NSI.dll
0x00007ffd0cc70000 - 0x00007ffd0cc86000 	C:\Windows\SYSTEM32\dhcpcsvc6.DLL
0x00007ffd0ccc0000 - 0x00007ffd0ccda000 	C:\Windows\SYSTEM32\dhcpcsvc.DLL

dbghelp: loaded successfully - version: 4.0.5 - missing functions: none
symbol engine: initialized successfully - sym options: 0x614 - pdb path: .;C:\Program Files\Android\Android Studio\jre\bin;C:\Windows\SYSTEM32;C:\Windows\WinSxS\amd64_microsoft.windows.common-controls_6595b64144ccf1df_6.0.16299.785_none_15cbda149361fcd9;C:\Program Files\Android\Android Studio\jre\bin\server;C:\Users\Admin\.gradle\native\e1d6ef7f7dcc3fd88c89a11ec53ec762bb8ba0a96d01ffa2cd45eb1d1d8dd5c5\windows-amd64;C:\Users\Admin\.gradle\native\5664cfc778a61ccfe75a443a1ab52a65af34e5dc3c78e0209fed803814484fcb\windows-amd64

VM Arguments:
jvm_args: --add-opens=java.base/java.util=ALL-UNNAMED --add-opens=java.base/java.lang=ALL-UNNAMED --add-opens=java.base/java.lang.invoke=ALL-UNNAMED --add-opens=java.base/java.util=ALL-UNNAMED --add-opens=java.prefs/java.util.prefs=ALL-UNNAMED --add-opens=java.prefs/java.util.prefs=ALL-UNNAMED --add-opens=java.base/java.nio.charset=ALL-UNNAMED --add-opens=java.base/java.net=ALL-UNNAMED --add-opens=java.base/java.util.concurrent.atomic=ALL-UNNAMED -Xmx2048m -Dfile.encoding=UTF-8 -Duser.country=US -Duser.language=en -Duser.variant 
java_command: org.gradle.launcher.daemon.bootstrap.GradleDaemon 7.2
java_class_path (initial): C:\Users\Admin\.gradle\wrapper\dists\gradle-7.2-bin\2dnblmf4td7x66yl1d74lt32g\gradle-7.2\lib\gradle-launcher-7.2.jar
Launcher Type: SUN_STANDARD

[Global flags]
     intx CICompilerCount                          = 3                                         {product} {ergonomic}
     uint ConcGCThreads                            = 1                                         {product} {ergonomic}
     uint G1ConcRefinementThreads                  = 4                                         {product} {ergonomic}
   size_t G1HeapRegionSize                         = 1048576                                   {product} {ergonomic}
    uintx GCDrainStackTargetSize                   = 64                                        {product} {ergonomic}
   size_t InitialHeapSize                          = 134217728                                 {product} {ergonomic}
   size_t MarkStackSize                            = 4194304                                   {product} {ergonomic}
   size_t MaxHeapSize                              = 2147483648                                {product} {command line}
   size_t MaxNewSize                               = 1287651328                                {product} {ergonomic}
   size_t MinHeapDeltaBytes                        = 1048576                                   {product} {ergonomic}
    uintx NonNMethodCodeHeapSize                   = 5830732                                {pd product} {ergonomic}
    uintx NonProfiledCodeHeapSize                  = 122913754                              {pd product} {ergonomic}
    uintx ProfiledCodeHeapSize                     = 122913754                              {pd product} {ergonomic}
    uintx ReservedCodeCacheSize                    = 251658240                              {pd product} {ergonomic}
     bool SegmentedCodeCache                       = true                                      {product} {ergonomic}
     bool UseCompressedClassPointers               = true                                 {lp64_product} {ergonomic}
     bool UseCompressedOops                        = true                                 {lp64_product} {ergonomic}
     bool UseG1GC                                  = true                                      {product} {ergonomic}
     bool UseLargePagesIndividualAllocation        = false                                  {pd product} {ergonomic}

Logging:
Log output configuration:
 #0: stdout all=warning uptime,level,tags
 #1: stderr all=off uptime,level,tags

Environment Variables:
PATH=C:\Program Files\Common Files\Siemens\Automation\Simatic OAM\bin;C:\ProgramData\Oracle\Java\javapath;C:\Program Files (x86)\Common Files\Oracle\Java\javapath;C:\Windows\system32;C:\Windows;C:\Windows\System32\Wbem;C:\Windows\System32\WindowsPowerShell\v1.0\;C:\Program Files\Git\cmd;C:\Program Files\nodejs\;C:\Program Files (x86)\STMicroelectronics\STM32 ST-LINK Utility\ST-LINK Utility;F:\java\bin;F:\IOT\ANDROID\gradle\gradle-7.3.3\bin;C:\Users\Admin\AppData\Local\Programs\Python\Python37-32\Scripts\;C:\Users\Admin\AppData\Local\Programs\Python\Python37-32\;C:\Users\Admin\AppData\Local\Microsoft\WindowsApps;C:\Users\Admin\AppData\Roaming\npm;C:\Users\Admin\AppData\Local\Programs\Microsoft VS Code\bin
USERNAME=Admin
OS=Windows_NT
PROCESSOR_IDENTIFIER=Intel64 Family 6 Model 61 Stepping 4, GenuineIntel



---------------  S Y S T E M  ---------------

OS: Windows 10 , 64 bit Build 16299 (10.0.16299.431)
OS uptime: 11 days 8:28 hours

CPU:total 4 (initial active 4) (2 cores per cpu, 2 threads per core) family 6 model 61 stepping 4 microcode 0x2b, cmov, cx8, fxsr, mmx, sse, sse2, sse3, ssse3, sse4.1, sse4.2, popcnt, avx, avx2, aes, clmul, erms, 3dnowpref, lzcnt, ht, tsc, tscinvbit, bmi1, bmi2, adx, fma

Memory: 4k page, system-wide physical 8103M (224M free)
TotalPageFile size 15271M (AvailPageFile size 256M)
current process WorkingSet (physical memory assigned to process): 558M, peak: 619M
current process commit charge ("private bytes"): 646M, peak: 651M

vm_info: OpenJDK 64-Bit Server VM (11.0.11+9-b60-7590822) for windows-amd64 JRE (11.0.11+9-b60-7590822), built on Jul 29 2021 21:43:44 by "builder" with MS VC++ 14.0 (VS2015)

END.
